============================= test session starts ==============================
platform linux -- Python 3.12.3, pytest-8.4.1, pluggy-1.6.0 -- /home/jenner/code/treesitter-chunker/.fullenv/bin/python
cachedir: .pytest_cache
rootdir: /home/jenner/code/treesitter-chunker
configfile: pyproject.toml
testpaths: tests
collecting ... collected 2094 items

tests/integration/context/test_chunker_with_context.py::TestChunkerWithContext::test_chunk_with_context_preservation PASSED [  0%]
tests/integration/context/test_chunker_with_context.py::TestChunkerWithContext::test_context_for_function_using_classes PASSED [  0%]
tests/integration/context/test_chunker_with_context.py::TestChunkerWithContext::test_javascript_react_component_context PASSED [  0%]
tests/integration/context/test_chunker_with_context.py::TestChunkerWithContext::test_context_size_limitation PASSED [  0%]
tests/integration/context/test_full_context_extraction.py::TestPythonContextExtraction::test_extract_full_context_for_method PASSED [  0%]
tests/integration/context/test_full_context_extraction.py::TestPythonContextExtraction::test_context_for_nested_function PASSED [  0%]
tests/integration/context/test_full_context_extraction.py::TestPythonContextExtraction::test_symbol_resolution PASSED [  0%]
tests/integration/context/test_full_context_extraction.py::TestJavaScriptContextExtraction::test_extract_full_context_for_class_method PASSED [  0%]
tests/integration/context/test_full_context_extraction.py::TestJavaScriptContextExtraction::test_context_for_react_component PASSED [  0%]
tests/integration/context/test_full_context_extraction.py::TestJavaScriptContextExtraction::test_scope_analysis_with_closures PASSED [  0%]
tests/integration/grammar/test_grammar_integration.py::TestGrammarIntegration::test_full_grammar_workflow PASSED [  0%]
tests/integration/grammar/test_grammar_integration.py::TestGrammarIntegration::test_repository_search_workflow PASSED [  0%]
tests/integration/grammar/test_grammar_integration.py::TestGrammarIntegration::test_file_extension_discovery PASSED [  0%]
tests/integration/grammar/test_grammar_integration.py::TestGrammarIntegration::test_popular_grammars PASSED [  0%]
tests/integration/grammar/test_grammar_integration.py::TestGrammarIntegration::test_builder_integration PASSED [  0%]
tests/integration/grammar/test_grammar_integration.py::TestGrammarIntegration::test_grammar_removal PASSED [  0%]
tests/integration/phase9/test_phase9_metadata_rules.py::TestMetadataRulesIntegration::test_metadata_extraction_with_todo_rules PASSED [  0%]
tests/integration/phase9/test_phase9_metadata_rules.py::TestMetadataRulesIntegration::test_custom_rule_with_metadata_filtering PASSED [  0%]
tests/integration/phase9/test_phase9_metadata_rules.py::TestMetadataRulesIntegration::test_complexity_metadata_with_rules PASSED [  0%]
tests/integration/phase9/test_phase9_metadata_rules.py::TestMetadataRulesIntegration::test_docstring_extraction_with_rules PASSED [  0%]
tests/integration/phase9/test_phase9_metadata_rules.py::TestMetadataRulesIntegration::test_import_analysis_with_rules PASSED [  1%]
tests/integration/phase9/test_phase9_metadata_rules.py::TestMetadataRulesIntegration::test_combined_metadata_and_rule_application PASSED [  1%]
tests/integration/phase9/test_phase9_token_hierarchy_simple.py::TestTokenHierarchyIntegrationSimple::test_token_counts_in_chunks PASSED [  1%]
tests/integration/phase9/test_phase9_token_hierarchy_simple.py::TestTokenHierarchyIntegrationSimple::test_token_hierarchy_building PASSED [  1%]
tests/integration/phase9/test_phase9_token_hierarchy_simple.py::TestTokenHierarchyIntegrationSimple::test_token_aware_chunking PASSED [  1%]
tests/integration/phase9/test_phase9_token_hierarchy_simple.py::TestTokenHierarchyIntegrationSimple::test_hierarchy_with_parent_child_tokens PASSED [  1%]
tests/integration/phase9/test_token_hierarchy_standalone.py::TestTokenHierarchyStandalone::test_basic_token_counting PASSED [  1%]
tests/integration/phase9/test_token_hierarchy_standalone.py::TestTokenHierarchyStandalone::test_hierarchy_building PASSED [  1%]
tests/integration/test_coordinator.py::TestIntegrationCoordinator::test_register_scenario PASSED [  1%]
tests/integration/test_coordinator.py::TestIntegrationCoordinator::test_register_scenarios_from_config PASSED [  1%]
tests/integration/test_coordinator.py::TestIntegrationCoordinator::test_verify_worktree_setup PASSED [  1%]
tests/integration/test_coordinator.py::TestIntegrationCoordinator::test_setup_worktree PASSED [  1%]
tests/integration/test_coordinator.py::TestIntegrationCoordinator::test_setup_worktree_failure PASSED [  1%]
tests/integration/test_coordinator.py::TestIntegrationCoordinator::test_run_scenario PASSED [  1%]
tests/integration/test_coordinator.py::TestIntegrationCoordinator::test_check_dependencies PASSED [  1%]
tests/integration/test_coordinator.py::TestIntegrationCoordinator::test_topological_sort PASSED [  1%]
tests/integration/test_coordinator.py::TestIntegrationCoordinator::test_circular_dependency_detection PASSED [  1%]
tests/integration/test_coordinator.py::TestIntegrationCoordinator::test_generate_report PASSED [  1%]
tests/integration/test_coordinator.py::TestIntegrationCoordinator::test_save_report PASSED [  1%]
tests/integration/test_fixtures.py::TestBasicFixtures::test_temp_workspace PASSED [  1%]
tests/integration/test_fixtures.py::TestBasicFixtures::test_sample_code_files PASSED [  1%]
tests/integration/test_fixtures.py::TestErrorTrackingFixtures::test_error_tracking_context_basic PASSED [  2%]
tests/integration/test_fixtures.py::TestErrorTrackingFixtures::test_error_tracking_with_handlers PASSED [  2%]
tests/integration/test_fixtures.py::TestErrorTrackingFixtures::test_error_tracking_uncaught_exception PASSED [  2%]
tests/integration/test_fixtures.py::TestConfigurationFixtures::test_config_change_tracker PASSED [  2%]
tests/integration/test_fixtures.py::TestResourceFixtures::test_resource_monitor PASSED [  2%]
tests/integration/test_fixtures.py::TestParallelFixtures::test_parallel_test_environment PASSED [  2%]
tests/integration/test_fixtures.py::TestParallelFixtures::test_parallel_worker_processes PASSED [  2%]
tests/integration/test_fixtures.py::TestParallelFixtures::test_parallel_worker_threads PASSED [  2%]
tests/integration/test_fixtures.py::TestMockingFixtures::test_mock_parser_factory PASSED [  2%]
tests/integration/test_fixtures.py::TestMockingFixtures::test_mock_parser_nth_failure PASSED [  2%]
tests/integration/test_fixtures.py::TestMockingFixtures::test_mock_parser_timeout PASSED [  2%]
tests/integration/test_fixtures.py::TestFileGeneratorFixtures::test_test_file_generator PASSED [  2%]
tests/integration/test_fixtures.py::TestFileGeneratorFixtures::test_large_file_generation PASSED [  2%]
tests/integration/test_fixtures.py::TestFileGeneratorFixtures::test_error_file_generation PASSED [  2%]
tests/integration/test_fixtures.py::TestAsyncFixtures::test_async_test_runner PASSED [  2%]
tests/integration/test_fixtures.py::TestAsyncFixtures::test_async_parallel_execution PASSED [  2%]
tests/integration/test_fixtures.py::TestAsyncFixtures::test_async_timeout PASSED [  2%]
tests/integration/test_fixtures.py::TestConcurrencyFixtures::test_thread_safe_counter PASSED [  2%]
tests/integration/test_fixtures.py::TestConcurrencyFixtures::test_performance_monitor PASSED [  2%]
tests/integration/test_interfaces.py::TestErrorPropagationMixin::test_capture_cross_module_error PASSED [  2%]
tests/integration/test_interfaces.py::TestErrorPropagationMixin::test_verify_error_context PASSED [  2%]
tests/integration/test_interfaces.py::TestErrorPropagationMixin::test_thread_safety PASSED [  3%]
tests/integration/test_interfaces.py::TestConfigChangeObserver::test_basic_config_change PASSED [  3%]
tests/integration/test_interfaces.py::TestConfigChangeObserver::test_affected_modules_mapping PASSED [  3%]
tests/integration/test_interfaces.py::TestConfigChangeObserver::test_observer_pattern PASSED [  3%]
tests/integration/test_interfaces.py::TestConfigChangeObserver::test_change_log PASSED [  3%]
tests/integration/test_interfaces.py::TestConfigChangeObserver::test_concurrent_changes PASSED [  3%]
tests/integration/test_interfaces.py::TestResourceTracker::test_track_and_release_resource PASSED [  3%]
tests/integration/test_interfaces.py::TestResourceTracker::test_verify_cleanup PASSED [  3%]
tests/integration/test_interfaces.py::TestResourceTracker::test_resource_filtering PASSED [  3%]
tests/integration/test_interfaces.py::TestResourceTracker::test_allocation_order PASSED [  3%]
tests/integration/test_interfaces.py::TestResourceTracker::test_concurrent_resource_tracking PASSED [  3%]
tests/test_adaptive_chunker.py::TestAdaptiveChunker::test_can_handle PASSED [  3%]
tests/test_adaptive_chunker.py::TestAdaptiveChunker::test_adaptive_metrics_calculation PASSED [  3%]
tests/test_adaptive_chunker.py::TestAdaptiveChunker::test_adaptive_chunking PASSED [  3%]
tests/test_adaptive_chunker.py::TestAdaptiveChunker::test_ideal_chunk_size_calculation PASSED [  3%]
tests/test_adaptive_chunker.py::TestAdaptiveChunker::test_configuration_effects PASSED [  3%]
tests/test_adaptive_chunker.py::TestAdaptiveChunker::test_boundary_preservation PASSED [  3%]
tests/test_adaptive_chunker.py::TestAdaptiveChunker::test_size_balancing PASSED [  3%]
tests/test_adaptive_chunker.py::TestAdaptiveChunker::test_density_adaptation PASSED [  3%]
tests/test_adaptive_chunker.py::TestAdaptiveChunker::test_group_chunk_creation PASSED [  3%]
tests/test_api_endpoints_extended.py::test_export_postgres_endpoint PASSED [  3%]
tests/test_api_endpoints_extended.py::test_graph_xref_endpoint PASSED    [  4%]
tests/test_api_endpoints_extended.py::test_nearest_tests_endpoint PASSED [  4%]
tests/test_auto.py::TestZeroConfigAPI::test_ensure_language_already_installed PASSED [  4%]
tests/test_auto.py::TestZeroConfigAPI::test_ensure_language_not_installed_but_available PASSED [  4%]
tests/test_auto.py::TestZeroConfigAPI::test_ensure_language_not_available PASSED [  4%]
tests/test_auto.py::TestZeroConfigAPI::test_ensure_language_with_version PASSED [  4%]
tests/test_auto.py::TestZeroConfigAPI::test_detect_language_by_extension PASSED [  4%]
tests/test_auto.py::TestZeroConfigAPI::test_detect_language_by_shebang PASSED [  4%]
tests/test_auto.py::TestZeroConfigAPI::test_detect_language_special_files PASSED [  4%]
tests/test_auto.py::TestZeroConfigAPI::test_list_supported_extensions PASSED [  4%]
tests/test_auto.py::TestZeroConfigAPI::test_auto_chunk_file_with_tree_sitter PASSED [  4%]
tests/test_auto.py::TestZeroConfigAPI::test_auto_chunk_file_fallback PASSED [  4%]
tests/test_auto.py::TestZeroConfigAPI::test_auto_chunk_file_with_language_override PASSED [  4%]
tests/test_auto.py::TestZeroConfigAPI::test_chunk_text_success PASSED    [  4%]
tests/test_auto.py::TestZeroConfigAPI::test_chunk_text_empty PASSED      [  4%]
tests/test_auto.py::TestZeroConfigAPI::test_chunk_text_no_language PASSED [  4%]
tests/test_auto.py::TestZeroConfigAPI::test_get_chunker_for_language PASSED [  4%]
tests/test_auto.py::TestZeroConfigAPI::test_preload_languages PASSED     [  4%]
tests/test_build_implementation.py::TestBuildSystemImplementation::test_platform_detection_works PASSED [  4%]
tests/test_build_implementation.py::TestBuildSystemImplementation::test_grammar_compilation_handles_missing_grammars PASSED [  4%]
tests/test_build_implementation.py::TestBuildSystemImplementation::test_wheel_build_returns_proper_types PASSED [  4%]
tests/test_build_implementation.py::TestBuildSystemImplementation::test_verify_build_with_missing_file PASSED [  5%]
tests/test_build_implementation.py::TestBuildSystemImplementation::test_conda_package_handles_missing_tools PASSED [  5%]
tests/test_build_implementation.py::test_integration_with_mocked_build_system PASSED [  5%]
tests/test_build_real_compilation.py::TestRealCompilation::test_compile_single_grammar PASSED [  5%]
tests/test_build_real_compilation.py::TestRealCompilation::test_compile_multiple_grammars PASSED [  5%]
tests/test_build_real_compilation.py::TestRealCompilation::test_build_wheel_with_grammars PASSED [  5%]
tests/test_build_real_compilation.py::TestRealCompilation::test_platform_specific_compilation PASSED [  5%]
tests/test_build_system_integration.py::TestBuildSystemIntegration::test_cross_platform_build_verification PASSED [  5%]
tests/test_build_system_integration.py::TestBuildSystemIntegration::test_compile_grammars_integration PASSED [  5%]
tests/test_build_system_integration.py::TestBuildSystemIntegration::test_platform_detection_integration PASSED [  5%]
tests/test_build_system_integration.py::TestBuildSystemIntegration::test_build_wheel_creates_valid_path PASSED [  5%]
tests/test_build_system_integration.py::TestBuildSystemIntegration::test_conda_package_creation PASSED [  5%]
tests/test_build_system_integration.py::TestBuildSystemIntegration::test_verify_missing_artifact PASSED [  5%]
tests/test_build_system_integration.py::TestBuildSystemIntegration::test_install_build_dependencies PASSED [  5%]
tests/test_build_system_unit.py::TestPlatformSupport::test_detect_platform_returns_required_fields PASSED [  5%]
tests/test_build_system_unit.py::TestPlatformSupport::test_platform_tag_generation PASSED [  5%]
tests/test_build_system_unit.py::TestBuildSystem::test_compile_grammars_basic PASSED [  5%]
tests/test_build_system_unit.py::TestBuildSystem::test_verify_build_nonexistent_file PASSED [  5%]
tests/test_build_system_unit.py::TestBuildSystem::test_build_wheel_structure PASSED [  5%]
tests/test_c_language.py::TestCLanguageFeatures::test_c_plugin_properties PASSED [  5%]
tests/test_c_language.py::TestCLanguageFeatures::test_basic_function_chunking PASSED [  5%]
tests/test_c_language.py::TestCLanguageFeatures::test_struct_and_union_chunking PASSED [  6%]
tests/test_c_language.py::TestCLanguageFeatures::test_enum_chunking PASSED [  6%]
tests/test_c_language.py::TestCLanguageFeatures::test_typedef_chunking PASSED [  6%]
tests/test_c_language.py::TestCLanguageFeatures::test_function_pointers PASSED [  6%]
tests/test_c_language.py::TestCLanguageFeatures::test_preprocessor_directives PASSED [  6%]
tests/test_c_language.py::TestCLanguageFeatures::test_nested_structures PASSED [  6%]
tests/test_c_language.py::TestCLanguageFeatures::test_complex_declarations PASSED [  6%]
tests/test_c_language.py::TestCLanguageFeatures::test_header_file_parsing PASSED [  6%]
tests/test_c_language.py::TestCLanguageFeatures::test_context_preservation PASSED [  6%]
tests/test_c_language.py::TestCLanguageFeatures::test_inline_assembly PASSED [  6%]
tests/test_c_language.py::TestCLanguageFeatures::test_complex_macros PASSED [  6%]
tests/test_c_language.py::TestCLanguageFeatures::test_forward_declarations PASSED [  6%]
tests/test_c_language.py::TestCEdgeCases::test_k_and_r_style_functions PASSED [  6%]
tests/test_c_language.py::TestCEdgeCases::test_variadic_functions PASSED [  6%]
tests/test_c_language.py::TestCEdgeCases::test_anonymous_structures PASSED [  6%]
tests/test_c_language.py::TestCEdgeCases::test_gnu_extensions PASSED     [  6%]
tests/test_cache.py::TestCacheBasics::test_cache_initialization PASSED   [  6%]
tests/test_cache.py::TestCacheBasics::test_cache_and_retrieve_chunks PASSED [  6%]
tests/test_cache.py::TestCacheBasics::test_cache_miss_on_file_change PASSED [  6%]
tests/test_cache.py::TestCacheBasics::test_cache_multiple_languages PASSED [  6%]
tests/test_cache.py::TestCacheInvalidation::test_invalidate_specific_file PASSED [  6%]
tests/test_cache.py::TestCacheInvalidation::test_invalidate_all_cache PASSED [  7%]
tests/test_cache.py::TestCacheConcurrency::test_concurrent_cache_reads PASSED [  7%]
tests/test_cache.py::TestCacheConcurrency::test_concurrent_cache_writes PASSED [  7%]
tests/test_cache.py::TestCacheConcurrency::test_concurrent_mixed_operations PASSED [  7%]
tests/test_cache.py::TestCacheCorruptionRecovery::test_recover_from_corrupted_database PASSED [  7%]
tests/test_cache.py::TestCacheCorruptionRecovery::test_recover_from_corrupted_pickle_data PASSED [  7%]
tests/test_cache.py::TestCacheCorruptionRecovery::test_handle_missing_file PASSED [  7%]
tests/test_cache.py::TestCachePerformance::test_cache_size_limits PASSED [  7%]
tests/test_cache.py::TestCachePerformance::test_large_file_caching PASSED [  7%]
tests/test_cache.py::TestCachePerformance::test_parallel_performance[1] PASSED [  7%]
tests/test_cache.py::TestCachePerformance::test_parallel_performance[2] PASSED [  7%]
tests/test_cache.py::TestCachePerformance::test_parallel_performance[4] PASSED [  7%]
tests/test_cache.py::TestCacheEviction::test_manual_eviction_by_age PASSED [  7%]
tests/test_cache.py::TestMemoryVsDiskCache::test_memory_cache_simulation PASSED [  7%]
tests/test_cache.py::TestMemoryVsDiskCache::test_hybrid_cache_pattern PASSED [  7%]
tests/test_cache.py::TestCacheIntegration::test_cache_with_git_operations PASSED [  7%]
tests/test_cache.py::TestCacheIntegration::test_cache_with_symbolic_links PASSED [  7%]
tests/test_cache.py::TestCacheErrorHandling::test_handle_permission_errors PASSED [  7%]
tests/test_cache.py::TestCacheErrorHandling::test_handle_disk_full PASSED [  7%]
tests/test_chunking.py::test_python_chunks PASSED                        [  7%]
tests/test_chunking.py::test_multiple_chunks PASSED                      [  7%]
tests/test_chunking.py::test_parser_availability PASSED                  [  8%]
tests/test_chunking.py::test_empty_file PASSED                           [  8%]
tests/test_cicd_pipeline.py::TestCICDPipelineImpl::test_validate_workflow_syntax_valid_workflow PASSED [  8%]
tests/test_cicd_pipeline.py::TestCICDPipelineImpl::test_validate_workflow_syntax_missing_required_fields PASSED [  8%]
tests/test_cicd_pipeline.py::TestCICDPipelineImpl::test_validate_workflow_syntax_invalid_yaml PASSED [  8%]
tests/test_cicd_pipeline.py::TestCICDPipelineImpl::test_validate_workflow_syntax_nonexistent_file PASSED [  8%]
tests/test_cicd_pipeline.py::TestCICDPipelineImpl::test_validate_workflow_syntax_job_validation PASSED [  8%]
tests/test_cicd_pipeline.py::TestCICDPipelineImpl::test_run_test_matrix_basic PASSED [  8%]
tests/test_cicd_pipeline.py::TestCICDPipelineImpl::test_run_test_matrix_windows_python38_failures PASSED [  8%]
tests/test_cicd_pipeline.py::TestCICDPipelineImpl::test_build_distribution_basic PASSED [  8%]
tests/test_cicd_pipeline.py::TestCICDPipelineImpl::test_build_distribution_creates_files PASSED [  8%]
tests/test_cicd_pipeline.py::TestCICDPipelineImpl::test_create_release_success PASSED [  8%]
tests/test_cicd_pipeline.py::TestCICDPipelineImpl::test_create_release_invalid_version PASSED [  8%]
tests/test_cicd_pipeline.py::TestCICDPipelineImpl::test_create_release_missing_artifacts PASSED [  8%]
tests/test_cicd_pipeline.py::TestCICDPipelineImpl::test_create_release_version_formatting PASSED [  8%]
tests/test_cli.py::TestConfigLoading::test_load_config_from_file PASSED  [  8%]
tests/test_cli.py::TestConfigLoading::test_load_config_nonexistent PASSED [  8%]
tests/test_cli.py::TestConfigLoading::test_load_config_invalid_toml PASSED [  8%]
tests/test_cli.py::TestFilePatterns::test_get_files_from_patterns PASSED [  8%]
tests/test_cli.py::TestFilePatterns::test_should_include_file PASSED     [  8%]
tests/test_cli.py::TestProcessFile::test_process_file_auto_detect_language PASSED [  8%]
tests/test_cli.py::TestProcessFile::test_process_file_with_filters PASSED [  9%]
tests/test_cli.py::TestCLICommands::test_chunk_command_basic PASSED      [  9%]
tests/test_cli.py::TestCLICommands::test_chunk_command_json_output PASSED [  9%]
tests/test_cli.py::TestCLICommands::test_batch_command_directory PASSED  [  9%]
tests/test_cli.py::TestCLICommands::test_batch_command_pattern PASSED    [  9%]
tests/test_cli.py::TestCLICommands::test_batch_command_stdin PASSED      [  9%]
tests/test_cli.py::TestCLICommands::test_batch_command_filters PASSED    [  9%]
tests/test_cli.py::TestCLICommands::test_languages_command PASSED        [  9%]
tests/test_cli.py::TestCLIWithConfig::test_chunk_with_config PASSED      [  9%]
tests/test_cli_integration_advanced.py::TestComplexCommands::test_command_chaining PASSED [  9%]
tests/test_cli_integration_advanced.py::TestComplexCommands::test_glob_pattern_expansion PASSED [  9%]
tests/test_cli_integration_advanced.py::TestComplexCommands::test_recursive_directory_processing PASSED [  9%]
tests/test_cli_integration_advanced.py::TestComplexCommands::test_mixed_language_batch_processing PASSED [  9%]
tests/test_cli_integration_advanced.py::TestInteractiveMode::test_interactive_prompt_handling SKIPPED [  9%]
tests/test_cli_integration_advanced.py::TestInteractiveMode::test_interactive_progress_display PASSED [  9%]
tests/test_cli_integration_advanced.py::TestInteractiveMode::test_interactive_error_recovery PASSED [  9%]
tests/test_cli_integration_advanced.py::TestInteractiveMode::test_interactive_cancellation PASSED [  9%]
tests/test_cli_integration_advanced.py::TestSignalHandling::test_sigint_handling PASSED [  9%]
tests/test_cli_integration_advanced.py::TestSignalHandling::test_sigterm_graceful_shutdown PASSED [  9%]
tests/test_cli_integration_advanced.py::TestSignalHandling::test_cleanup_on_unexpected_exit PASSED [  9%]
tests/test_cli_integration_advanced.py::TestSignalHandling::test_partial_results_on_interrupt PASSED [  9%]
tests/test_cli_integration_advanced.py::TestOutputFormats::test_custom_output_templates PASSED [ 10%]
tests/test_cli_integration_advanced.py::TestOutputFormats::test_output_redirection PASSED [ 10%]
tests/test_cli_integration_advanced.py::TestOutputFormats::test_quiet_and_verbose_modes PASSED [ 10%]
tests/test_cli_integration_advanced.py::TestOutputFormats::test_json_streaming_output PASSED [ 10%]
tests/test_cli_integration_advanced.py::TestErrorScenarios::test_invalid_option_combinations PASSED [ 10%]
tests/test_cli_integration_advanced.py::TestErrorScenarios::test_missing_dependencies_handling PASSED [ 10%]
tests/test_cli_integration_advanced.py::TestErrorScenarios::test_filesystem_permission_errors PASSED [ 10%]
tests/test_cli_integration_advanced.py::TestErrorScenarios::test_network_timeout_handling PASSED [ 10%]
tests/test_cli_integration_advanced.py::test_cli_version PASSED          [ 10%]
tests/test_cli_integration_advanced.py::test_cli_help PASSED             [ 10%]
tests/test_cli_integration_advanced.py::test_cli_config_file_loading PASSED [ 10%]
tests/test_clojure_language.py::TestClojureBasicChunking::test_simple_functions PASSED [ 10%]
tests/test_clojure_language.py::TestClojureBasicChunking::test_macros_and_special_forms PASSED [ 10%]
tests/test_clojure_language.py::TestClojureBasicChunking::test_protocols_and_types PASSED [ 10%]
tests/test_clojure_language.py::TestClojureBasicChunking::test_multimethods PASSED [ 10%]
tests/test_clojure_language.py::TestClojureContractCompliance::test_implements_contract PASSED [ 10%]
tests/test_clojure_language.py::TestClojureContractCompliance::test_get_semantic_chunks PASSED [ 10%]
tests/test_clojure_language.py::TestClojureContractCompliance::test_get_chunk_node_types PASSED [ 10%]
tests/test_clojure_language.py::TestClojureContractCompliance::test_should_chunk_node PASSED [ 10%]
tests/test_clojure_language.py::TestClojureContractCompliance::test_get_node_context PASSED [ 10%]
tests/test_clojure_language.py::TestClojureEdgeCases::test_empty_file PASSED [ 10%]
tests/test_clojure_language.py::TestClojureEdgeCases::test_comments_only PASSED [ 11%]
tests/test_clojure_language.py::TestClojureEdgeCases::test_let_and_letfn PASSED [ 11%]
tests/test_clojure_language.py::TestClojureEdgeCases::test_anonymous_functions PASSED [ 11%]
tests/test_clojure_language.py::TestClojureEdgeCases::test_metadata_and_reader_macros PASSED [ 11%]
tests/test_clojure_language.py::TestClojureEdgeCases::test_threading_macros PASSED [ 11%]
tests/test_codechunk_ids_backcompat.py::test_chunk_id_aliases_node_id_and_exporter_prefers_node_id PASSED [ 11%]
tests/test_composite_chunker.py::TestCompositeChunker::test_can_handle PASSED [ 11%]
tests/test_composite_chunker.py::TestCompositeChunker::test_fusion_methods PASSED [ 11%]
tests/test_composite_chunker.py::TestCompositeChunker::test_consensus_filtering PASSED [ 11%]
tests/test_composite_chunker.py::TestCompositeChunker::test_overlap_handling PASSED [ 11%]
tests/test_composite_chunker.py::TestCompositeChunker::test_strategy_weights PASSED [ 11%]
tests/test_composite_chunker.py::TestCompositeChunker::test_quality_filtering PASSED [ 11%]
tests/test_composite_chunker.py::TestCompositeChunker::test_chunk_candidate PASSED [ 11%]
tests/test_composite_chunker.py::TestCompositeChunker::test_consensus_filter PASSED [ 11%]
tests/test_composite_chunker.py::TestCompositeChunker::test_overlap_merger PASSED [ 11%]
tests/test_composite_chunker.py::TestCompositeChunker::test_strategy_specific_configs PASSED [ 11%]
tests/test_composite_chunker.py::TestCompositeChunker::test_empty_file_handling PASSED [ 11%]
tests/test_composite_config_advanced.py::TestCompositeConfigAdvanced::test_diamond_inheritance PASSED [ 11%]
tests/test_composite_config_advanced.py::TestCompositeConfigAdvanced::test_circular_inheritance_protection PASSED [ 11%]
tests/test_composite_config_advanced.py::TestCompositeConfigAdvanced::test_deep_inheritance_chains PASSED [ 11%]
tests/test_composite_config_advanced.py::TestCompositeConfigAdvanced::test_multiple_inheritance_order PASSED [ 11%]
tests/test_composite_config_advanced.py::TestCompositeConfigAdvanced::test_parent_modification_propagation PASSED [ 12%]
tests/test_config.py::TestConfigLoading::test_load_yaml_config PASSED    [ 12%]
tests/test_config.py::TestConfigLoading::test_load_json_config PASSED    [ 12%]
tests/test_config.py::TestConfigLoading::test_load_toml_config PASSED    [ 12%]
tests/test_config.py::TestConfigLoading::test_empty_yaml_config PASSED   [ 12%]
tests/test_config.py::TestConfigLoading::test_load_nonexistent_file PASSED [ 12%]
tests/test_config.py::TestConfigLoading::test_unsupported_format PASSED  [ 12%]
tests/test_config.py::TestConfigLoading::test_invalid_yaml_syntax PASSED [ 12%]
tests/test_config.py::TestConfigLoading::test_invalid_json_syntax PASSED [ 12%]
tests/test_config.py::TestConfigSaving::test_save_yaml_config PASSED     [ 12%]
tests/test_config.py::TestConfigSaving::test_save_json_config PASSED     [ 12%]
tests/test_config.py::TestConfigSaving::test_save_toml_config PASSED     [ 12%]
tests/test_config.py::TestConfigSaving::test_save_without_path PASSED    [ 12%]
tests/test_config.py::TestConfigSaving::test_save_with_original_path PASSED [ 12%]
tests/test_config.py::TestConfigSaving::test_roundtrip_yaml PASSED       [ 12%]
tests/test_config.py::TestPathResolution::test_resolve_absolute_path PASSED [ 12%]
tests/test_config.py::TestPathResolution::test_resolve_home_path PASSED  [ 12%]
tests/test_config.py::TestPathResolution::test_resolve_relative_path PASSED [ 12%]
tests/test_config.py::TestPathResolution::test_resolve_without_config_path PASSED [ 12%]
tests/test_config.py::TestConfigFinding::test_find_config_in_current_dir PASSED [ 12%]
tests/test_config.py::TestConfigFinding::test_find_config_in_parent_dir PASSED [ 12%]
tests/test_config.py::TestConfigFinding::test_find_config_multiple_formats PASSED [ 13%]
tests/test_config.py::TestConfigFinding::test_find_config_in_home_dir PASSED [ 13%]
tests/test_config.py::TestConfigFinding::test_find_config_not_found PASSED [ 13%]
tests/test_config.py::TestConfigValidation::test_negative_min_chunk_size PASSED [ 13%]
tests/test_config.py::TestConfigValidation::test_invalid_chunk_types PASSED [ 13%]
tests/test_config.py::TestConfigValidation::test_non_iterable_chunk_types PASSED [ 13%]
tests/test_config.py::TestConfigValidation::test_missing_required_fields PASSED [ 13%]
tests/test_config.py::TestConfigMerging::test_get_plugin_config_with_defaults PASSED [ 13%]
tests/test_config.py::TestConfigMerging::test_get_plugin_config_with_override PASSED [ 13%]
tests/test_config.py::TestConfigMerging::test_get_plugin_config_disabled_language PASSED [ 13%]
tests/test_config.py::TestConfigMerging::test_set_plugin_config PASSED   [ 13%]
tests/test_config.py::TestPluginDirectories::test_add_plugin_directory PASSED [ 13%]
tests/test_config.py::TestPluginDirectories::test_remove_plugin_directory PASSED [ 13%]
tests/test_config.py::TestExampleConfig::test_create_example_config PASSED [ 13%]
tests/test_config.py::TestEnvironmentVariables::test_env_var_in_path PASSED [ 13%]
tests/test_config.py::TestComplexScenarios::test_deeply_nested_config PASSED [ 13%]
tests/test_config.py::TestComplexScenarios::test_unicode_in_config PASSED [ 13%]
tests/test_config.py::TestComplexScenarios::test_large_config_file PASSED [ 13%]
tests/test_config_advanced_scenarios.py::TestPerformanceImpactOfConfigLookups::test_config_lookup_overhead_during_parsing PASSED [ 13%]
tests/test_config_advanced_scenarios.py::TestPerformanceImpactOfConfigLookups::test_config_caching_effectiveness PASSED [ 13%]
tests/test_config_advanced_scenarios.py::TestPerformanceImpactOfConfigLookups::test_parallel_parsing_config_contention PASSED [ 13%]
tests/test_config_advanced_scenarios.py::TestConfigHotReloadingDuringChunking::test_hot_reload_during_chunking PASSED [ 14%]
tests/test_config_advanced_scenarios.py::TestConfigHotReloadingDuringChunking::test_config_consistency_during_reload PASSED [ 14%]
tests/test_config_advanced_scenarios.py::TestMemoryUsageWithLargeConfigHierarchies::test_large_config_hierarchy_memory PASSED [ 14%]
tests/test_config_advanced_scenarios.py::TestMemoryUsageWithLargeConfigHierarchies::test_config_inheritance_memory_efficiency PASSED [ 14%]
tests/test_config_advanced_scenarios.py::TestMemoryUsageWithLargeConfigHierarchies::test_weak_reference_config_cleanup PASSED [ 14%]
tests/test_config_advanced_scenarios.py::TestCircularDependencyDetectionEdgeCases::test_simple_circular_dependency PASSED [ 14%]
tests/test_config_advanced_scenarios.py::TestCircularDependencyDetectionEdgeCases::test_complex_inheritance_cycles PASSED [ 14%]
tests/test_config_advanced_scenarios.py::TestCircularDependencyDetectionEdgeCases::test_dynamic_circular_dependencies PASSED [ 14%]
tests/test_config_advanced_scenarios.py::TestCircularDependencyDetectionEdgeCases::test_cycle_detection_performance PASSED [ 14%]
tests/test_config_processor.py::TestConfigProcessor::test_can_handle_by_extension PASSED [ 14%]
tests/test_config_processor.py::TestConfigProcessor::test_can_handle_by_name PASSED [ 14%]
tests/test_config_processor.py::TestConfigProcessor::test_format_detection_ini PASSED [ 14%]
tests/test_config_processor.py::TestConfigProcessor::test_format_detection_json PASSED [ 14%]
tests/test_config_processor.py::TestConfigProcessor::test_format_detection_yaml PASSED [ 14%]
tests/test_config_processor.py::TestConfigProcessor::test_format_detection_toml PASSED [ 14%]
tests/test_config_processor.py::TestConfigProcessor::test_chunk_ini_file PASSED [ 14%]
tests/test_config_processor.py::TestConfigProcessor::test_chunk_ini_with_grouping PASSED [ 14%]
tests/test_config_processor.py::TestConfigProcessor::test_chunk_json_object PASSED [ 14%]
tests/test_config_processor.py::TestConfigProcessor::test_chunk_json_array PASSED [ 14%]
tests/test_config_processor.py::TestConfigProcessor::test_chunk_yaml_file PASSED [ 14%]
tests/test_config_processor.py::TestConfigProcessor::test_chunk_toml_file PASSED [ 14%]
tests/test_config_processor.py::TestConfigProcessor::test_preserve_comments PASSED [ 15%]
tests/test_config_processor.py::TestConfigProcessor::test_handle_malformed_config PASSED [ 15%]
tests/test_config_processor.py::TestConfigProcessor::test_empty_file_handling PASSED [ 15%]
tests/test_config_processor.py::TestConfigProcessor::test_env_file_handling PASSED [ 15%]
tests/test_config_processor.py::TestConfigProcessor::test_get_supported_formats PASSED [ 15%]
tests/test_config_processor.py::TestConfigProcessor::test_get_format_extensions PASSED [ 15%]
tests/test_cpp_language.py::TestCppLanguageFeatures::test_cpp_parser_available PASSED [ 15%]
tests/test_cpp_language.py::TestCppLanguageFeatures::test_template_function PASSED [ 15%]
tests/test_cpp_language.py::TestCppLanguageFeatures::test_template_class PASSED [ 15%]
tests/test_cpp_language.py::TestCppLanguageFeatures::test_namespace_handling PASSED [ 15%]
tests/test_cpp_language.py::TestCppLanguageFeatures::test_virtual_functions_and_inheritance PASSED [ 15%]
tests/test_cpp_language.py::TestCppLanguageFeatures::test_operator_overloading PASSED [ 15%]
tests/test_cpp_language.py::TestCppLanguageFeatures::test_stl_usage_patterns PASSED [ 15%]
tests/test_cpp_language.py::TestCppLanguageFeatures::test_constructor_destructor PASSED [ 15%]
tests/test_cpp_language.py::TestCppLanguageFeatures::test_cpp_specific_features PASSED [ 15%]
tests/test_cpp_language.py::TestCppLanguageFeatures::test_nested_classes_and_structs PASSED [ 15%]
tests/test_cross_module_errors.py::TestCrossModuleErrors::test_parser_error_to_cli PASSED [ 15%]
tests/test_cross_module_errors.py::TestCrossModuleErrors::test_plugin_error_to_export PASSED [ 15%]
tests/test_cross_module_errors.py::TestCrossModuleErrors::test_config_error_to_parallel PASSED [ 15%]
tests/test_cross_module_errors.py::TestCrossModuleErrors::test_cascading_failure_scenario PASSED [ 15%]
tests/test_cross_module_errors.py::TestCrossModuleErrors::test_error_context_preservation PASSED [ 15%]
tests/test_cross_module_errors.py::TestCrossModuleErrors::test_user_friendly_formatting PASSED [ 16%]
tests/test_cross_module_errors.py::TestCrossModuleErrors::test_stack_trace_filtering PASSED [ 16%]
tests/test_cross_module_errors.py::TestCrossModuleErrors::test_recovery_suggestion_generation PASSED [ 16%]
tests/test_csharp_language.py::TestCSharpLanguage::test_csharp_basic_chunking PASSED [ 16%]
tests/test_csharp_language.py::TestCSharpLanguage::test_csharp_interfaces_generics PASSED [ 16%]
tests/test_csharp_language.py::TestCSharpLanguage::test_csharp_async_await PASSED [ 16%]
tests/test_csharp_language.py::TestCSharpLanguage::test_csharp_linq_expressions PASSED [ 16%]
tests/test_csharp_language.py::TestCSharpLanguage::test_csharp_modern_features PASSED [ 16%]
tests/test_csharp_language.py::TestCSharpLanguage::test_csharp_attributes_properties PASSED [ 16%]
tests/test_csharp_language.py::TestCSharpLanguage::test_csharp_file_extensions[.cs] PASSED [ 16%]
tests/test_csharp_language.py::TestCSharpLanguage::test_csharp_file_extensions[.csx] PASSED [ 16%]
tests/test_custom_rules.py::TestBaseCustomRule::test_basic_properties PASSED [ 16%]
tests/test_custom_rules.py::TestBaseCustomRule::test_abstract_methods_not_implemented PASSED [ 16%]
tests/test_custom_rules.py::TestBaseRegexRule::test_regex_compilation PASSED [ 16%]
tests/test_custom_rules.py::TestBaseRegexRule::test_find_all_matches PASSED [ 16%]
tests/test_custom_rules.py::TestBaseRegexRule::test_language_detection PASSED [ 16%]
tests/test_custom_rules.py::TestTodoCommentRule::test_todo_pattern_matching PASSED [ 16%]
tests/test_custom_rules.py::TestCopyrightHeaderRule::test_copyright_patterns PASSED [ 16%]
tests/test_custom_rules.py::TestDocstringRule::test_docstring_patterns PASSED [ 16%]
tests/test_custom_rules.py::TestImportBlockRule::test_import_patterns PASSED [ 16%]
tests/test_custom_rules.py::TestCustomMarkerRule::test_default_markers PASSED [ 17%]
tests/test_custom_rules.py::TestCustomMarkerRule::test_custom_markers PASSED [ 17%]
tests/test_custom_rules.py::TestMetadataRule::test_metadata_extraction PASSED [ 17%]
tests/test_custom_rules.py::TestMetadataRule::test_non_root_node PASSED  [ 17%]
tests/test_custom_rules.py::TestRuleEngine::test_add_remove_rules PASSED [ 17%]
tests/test_custom_rules.py::TestRuleEngine::test_priority_ordering PASSED [ 17%]
tests/test_custom_rules.py::TestRuleEngine::test_apply_rules_to_python PASSED [ 17%]
tests/test_custom_rules.py::TestRuleEngine::test_apply_regex_rules_only PASSED [ 17%]
tests/test_custom_rules.py::TestRuleEngine::test_merge_with_tree_sitter PASSED [ 17%]
tests/test_custom_rules.py::TestRuleEngine::test_overlap_handling PASSED [ 17%]
tests/test_custom_rules.py::TestBuiltinRules::test_get_builtin_rules PASSED [ 17%]
tests/test_custom_rules.py::TestBuiltinRules::test_section_header_rule PASSED [ 17%]
tests/test_custom_rules.py::TestBuiltinRules::test_config_block_rule PASSED [ 17%]
tests/test_custom_rules.py::TestBuiltinRules::test_debug_statement_rule PASSED [ 17%]
tests/test_custom_rules.py::TestBuiltinRules::test_test_annotation_rule PASSED [ 17%]
tests/test_custom_rules.py::TestLanguageSpecificCommentRule::test_language_detection PASSED [ 17%]
tests/test_custom_rules.py::TestLanguageSpecificCommentRule::test_comment_markers PASSED [ 17%]
tests/test_custom_rules.py::TestRegexRules::test_region_marker_rule PASSED [ 17%]
tests/test_custom_rules.py::TestRegexRules::test_custom_region_markers PASSED [ 17%]
tests/test_custom_rules.py::TestRegexRules::test_pattern_boundary_rule_extract_match PASSED [ 17%]
tests/test_custom_rules.py::TestRegexRules::test_pattern_boundary_rule_between_matches PASSED [ 17%]
tests/test_custom_rules.py::TestRegexRules::test_annotation_rule PASSED  [ 18%]
tests/test_custom_rules.py::TestRegexRules::test_folding_marker_rule PASSED [ 18%]
tests/test_custom_rules.py::TestRegexRules::test_separator_line_rule PASSED [ 18%]
tests/test_custom_rules.py::TestRegexRules::test_create_custom_regex_rule PASSED [ 18%]
tests/test_custom_rules.py::TestCommentRules::test_todo_block_rule PASSED [ 18%]
tests/test_custom_rules.py::TestCommentRules::test_documentation_block_rule PASSED [ 18%]
tests/test_custom_rules.py::TestCommentRules::test_header_comment_rule PASSED [ 18%]
tests/test_custom_rules.py::TestCommentRules::test_inline_comment_group_rule PASSED [ 18%]
tests/test_custom_rules.py::TestCommentRules::test_structured_comment_rule PASSED [ 18%]
tests/test_custom_rules.py::TestCommentRules::test_comment_rule_chain PASSED [ 18%]
tests/test_custom_rules.py::TestRuleComposition::test_multiple_rule_types PASSED [ 18%]
tests/test_custom_rules.py::TestRuleComposition::test_overlapping_rules PASSED [ 18%]
tests/test_custom_rules.py::TestRuleComposition::test_rule_priority_execution PASSED [ 18%]
tests/test_dart_language.py::TestDartBasicChunking::test_simple_functions PASSED [ 18%]
tests/test_dart_language.py::TestDartBasicChunking::test_classes_and_methods PASSED [ 18%]
tests/test_dart_language.py::TestDartBasicChunking::test_flutter_widgets PASSED [ 18%]
tests/test_dart_language.py::TestDartBasicChunking::test_extensions_and_enums PASSED [ 18%]
tests/test_dart_language.py::TestDartContractCompliance::test_implements_contract PASSED [ 18%]
tests/test_dart_language.py::TestDartContractCompliance::test_get_semantic_chunks PASSED [ 18%]
tests/test_dart_language.py::TestDartContractCompliance::test_get_chunk_node_types PASSED [ 18%]
tests/test_dart_language.py::TestDartContractCompliance::test_should_chunk_node PASSED [ 18%]
tests/test_dart_language.py::TestDartContractCompliance::test_get_node_context PASSED [ 19%]
tests/test_dart_language.py::TestDartEdgeCases::test_empty_file PASSED   [ 19%]
tests/test_dart_language.py::TestDartEdgeCases::test_comments_only PASSED [ 19%]
tests/test_dart_language.py::TestDartEdgeCases::test_async_patterns PASSED [ 19%]
tests/test_dart_language.py::TestDartEdgeCases::test_null_safety PASSED  [ 19%]
tests/test_dart_language.py::TestDartEdgeCases::test_typedef_and_generics PASSED [ 19%]
tests/test_debug_contract_impl.py::TestDebugVisualizationImpl::test_visualize_ast_text_format PASSED [ 19%]
tests/test_debug_contract_impl.py::TestDebugVisualizationImpl::test_visualize_ast_json_format PASSED [ 19%]
tests/test_debug_contract_impl.py::TestDebugVisualizationImpl::test_visualize_ast_dot_format PASSED [ 19%]
tests/test_debug_contract_impl.py::TestDebugVisualizationImpl::test_visualize_ast_svg_format PASSED [ 19%]
tests/test_debug_contract_impl.py::TestDebugVisualizationImpl::test_inspect_chunk PASSED [ 19%]
tests/test_debug_contract_impl.py::TestDebugVisualizationImpl::test_profile_chunking PASSED [ 19%]
tests/test_debug_contract_impl.py::TestDebugVisualizationImpl::test_debug_mode_chunking PASSED [ 19%]
tests/test_debug_contract_impl.py::TestChunkComparisonImpl::test_compare_strategies_basic PASSED [ 19%]
tests/test_debug_contract_impl.py::TestChunkComparisonImpl::test_compare_strategies_with_metrics PASSED [ 19%]
tests/test_debug_contract_impl.py::TestChunkComparisonImpl::test_compare_strategies_invalid_strategy PASSED [ 19%]
tests/test_debug_contract_impl.py::TestChunkComparisonImpl::test_compare_strategies_file_not_found PASSED [ 19%]
tests/test_debug_tools.py::TestASTVisualizer::test_ast_visualizer_creation PASSED [ 19%]
tests/test_debug_tools.py::TestASTVisualizer::test_tree_visualization PASSED [ 19%]
tests/test_debug_tools.py::TestASTVisualizer::test_json_visualization PASSED [ 19%]
tests/test_debug_tools.py::TestASTVisualizer::test_highlight_nodes PASSED [ 19%]
tests/test_debug_tools.py::TestQueryDebugger::test_query_debugger_creation PASSED [ 20%]
tests/test_debug_tools.py::TestQueryDebugger::test_simple_query PASSED   [ 20%]
tests/test_debug_tools.py::TestQueryDebugger::test_query_with_captures PASSED [ 20%]
tests/test_debug_tools.py::TestQueryDebugger::test_invalid_query PASSED  [ 20%]
tests/test_debug_tools.py::TestQueryDebugger::test_query_cache PASSED    [ 20%]
tests/test_debug_tools.py::TestChunkDebugger::test_chunk_debugger_creation PASSED [ 20%]
tests/test_debug_tools.py::TestChunkDebugger::test_chunk_analysis PASSED [ 20%]
tests/test_debug_tools.py::TestChunkDebugger::test_size_checking PASSED  [ 20%]
tests/test_debug_tools.py::TestVisualizationFunctions::test_print_ast_tree PASSED [ 20%]
tests/test_debug_tools.py::TestVisualizationFunctions::test_highlight_chunk_boundaries PASSED [ 20%]
tests/test_debug_tools.py::TestVisualizationFunctions::test_render_ast_graph PASSED [ 20%]
tests/test_debug_tools.py::TestNodeExplorer::test_node_explorer_creation PASSED [ 20%]
tests/test_debug_tools.py::TestNodeExplorer::test_node_info PASSED       [ 20%]
tests/test_debug_tools.py::TestDebugREPL::test_repl_creation PASSED      [ 20%]
tests/test_debug_tools.py::TestDebugREPL::test_set_language PASSED       [ 20%]
tests/test_debug_tools.py::TestDebugREPL::test_set_code PASSED           [ 20%]
tests/test_debug_tools_integration.py::TestDebugToolsIntegration::test_visualize_ast_produces_valid_output PASSED [ 20%]
tests/test_debug_tools_integration.py::TestDebugToolsIntegration::test_chunk_inspection_includes_all_metadata PASSED [ 20%]
tests/test_debug_tools_integration.py::TestDebugToolsIntegration::test_profiling_provides_performance_metrics PASSED [ 20%]
tests/test_debug_tools_integration.py::TestDebugToolsIntegration::test_debug_mode_chunking_provides_trace PASSED [ 20%]
tests/test_debug_tools_integration.py::TestDebugToolsIntegration::test_compare_strategies_shows_differences PASSED [ 20%]
tests/test_debug_tools_integration.py::TestDebugToolsIntegration::test_error_handling PASSED [ 21%]
tests/test_developer_tooling.py::TestDeveloperToolingImpl::test_initialization PASSED [ 21%]
tests/test_developer_tooling.py::TestDeveloperToolingImpl::test_find_project_root PASSED [ 21%]
tests/test_developer_tooling.py::TestDeveloperToolingImpl::test_run_pre_commit_checks_no_files PASSED [ 21%]
tests/test_developer_tooling.py::TestDeveloperToolingImpl::test_run_pre_commit_checks_non_python_files PASSED [ 21%]
tests/test_developer_tooling.py::TestDeveloperToolingImpl::test_format_code_empty_list PASSED [ 21%]
tests/test_developer_tooling.py::TestDeveloperToolingImpl::test_format_code_non_existent_files PASSED [ 21%]
tests/test_developer_tooling.py::TestDeveloperToolingImpl::test_run_linting_empty_list PASSED [ 21%]
tests/test_developer_tooling.py::TestDeveloperToolingImpl::test_run_type_checking_empty_list PASSED [ 21%]
tests/test_developer_tooling.py::TestDeveloperToolingImpl::test_format_code_with_valid_file[True] PASSED [ 21%]
tests/test_developer_tooling.py::TestDeveloperToolingImpl::test_format_code_with_valid_file[False] PASSED [ 21%]
tests/test_developer_tooling.py::TestDeveloperToolingImpl::test_run_linting_with_valid_file PASSED [ 21%]
tests/test_developer_tooling.py::TestDeveloperToolingImpl::test_run_type_checking_with_valid_file PASSED [ 21%]
tests/test_developer_tooling.py::TestDeveloperToolingImpl::test_run_pre_commit_checks_integration PASSED [ 21%]
tests/test_developer_tooling.py::TestDeveloperToolingImpl::test_format_code_handles_subprocess_error PASSED [ 21%]
tests/test_developer_tooling.py::TestDeveloperToolingImpl::test_run_linting_handles_subprocess_error PASSED [ 21%]
tests/test_developer_tooling.py::TestDeveloperToolingImpl::test_run_type_checking_handles_subprocess_error PASSED [ 21%]
tests/test_devenv_integration.py::TestDevEnvironmentIntegration::test_pre_commit_hooks_setup FAILED [ 21%]
tests/test_devenv_integration.py::TestDevEnvironmentIntegration::test_linting_detects_issues PASSED [ 21%]
tests/test_devenv_integration.py::TestDevEnvironmentIntegration::test_formatting_fixes_code PASSED [ 21%]
tests/test_devenv_integration.py::TestDevEnvironmentIntegration::test_ci_config_generation PASSED [ 21%]
tests/test_devenv_integration.py::TestQualityAssuranceIntegration::test_type_coverage_check PASSED [ 22%]
tests/test_devenv_integration.py::TestQualityAssuranceIntegration::test_test_coverage_check PASSED [ 22%]
tests/test_distribution_adapter.py::TestDistributionAdapter::test_pypi_publishing_validates_package PASSED [ 22%]
tests/test_distribution_adapter.py::TestDistributionAdapter::test_docker_image_validation PASSED [ 22%]
tests/test_distribution_adapter.py::TestDistributionAdapter::test_homebrew_formula_generation PASSED [ 22%]
tests/test_distribution_adapter.py::TestDistributionAdapter::test_release_preparation PASSED [ 22%]
tests/test_distribution_adapter.py::TestDistributionAdapter::test_verification_routing PASSED [ 22%]
tests/test_distribution_impl.py::TestDistributionImpl::test_publish_to_pypi_missing_directory PASSED [ 22%]
tests/test_distribution_impl.py::TestDistributionImpl::test_publish_to_pypi_no_files PASSED [ 22%]
tests/test_distribution_impl.py::TestDistributionImpl::test_publish_to_pypi_dry_run PASSED [ 22%]
tests/test_distribution_impl.py::TestDistributionImpl::test_build_docker_image_success PASSED [ 22%]
tests/test_distribution_impl.py::TestDistributionImpl::test_build_docker_image_no_docker PASSED [ 22%]
tests/test_distribution_impl.py::TestDistributionImpl::test_create_homebrew_formula PASSED [ 22%]
tests/test_distribution_impl.py::TestDistributionImpl::test_verify_installation_pip PASSED [ 22%]
tests/test_distribution_impl.py::TestDistributionImpl::test_verify_installation_docker PASSED [ 22%]
tests/test_distribution_impl.py::TestReleaseManagementImpl::test_prepare_release_invalid_version PASSED [ 22%]
tests/test_distribution_impl.py::TestReleaseManagementImpl::test_prepare_release_success PASSED [ 22%]
tests/test_distribution_impl.py::TestReleaseManagementImpl::test_create_release_artifacts PASSED [ 22%]
tests/test_distribution_impl.py::TestReleaseManagementImpl::test_version_comparison PASSED [ 22%]
tests/test_dockerfile_language.py::TestDockerfileBasicChunking::test_simple_dockerfile PASSED [ 22%]
tests/test_dockerfile_language.py::TestDockerfileBasicChunking::test_multi_line_run_instruction PASSED [ 22%]
tests/test_dockerfile_language.py::TestDockerfileBasicChunking::test_dockerfile_with_comments PASSED [ 23%]
tests/test_dockerfile_language.py::TestDockerfileBasicChunking::test_dockerfile_with_args_and_env PASSED [ 23%]
tests/test_dockerfile_language.py::TestDockerfileBasicChunking::test_dockerfile_with_healthcheck PASSED [ 23%]
tests/test_dockerfile_language.py::TestDockerfileContractCompliance::test_implements_contract PASSED [ 23%]
tests/test_dockerfile_language.py::TestDockerfileContractCompliance::test_get_semantic_chunks PASSED [ 23%]
tests/test_dockerfile_language.py::TestDockerfileContractCompliance::test_get_chunk_node_types PASSED [ 23%]
tests/test_dockerfile_language.py::TestDockerfileContractCompliance::test_should_chunk_node PASSED [ 23%]
tests/test_dockerfile_language.py::TestDockerfileContractCompliance::test_get_node_context PASSED [ 23%]
tests/test_dockerfile_language.py::TestDockerfileEdgeCases::test_empty_dockerfile PASSED [ 23%]
tests/test_dockerfile_language.py::TestDockerfileEdgeCases::test_dockerfile_with_only_comments PASSED [ 23%]
tests/test_dockerfile_language.py::TestDockerfileEdgeCases::test_dockerfile_with_escape_characters PASSED [ 23%]
tests/test_dockerfile_language.py::TestDockerfileEdgeCases::test_multistage_dockerfile PASSED [ 23%]
tests/test_edge_cases.py::TestFileSystemEdgeCases::test_empty_file_handling PASSED [ 23%]
tests/test_edge_cases.py::TestFileSystemEdgeCases::test_file_with_only_whitespace PASSED [ 23%]
tests/test_edge_cases.py::TestFileSystemEdgeCases::test_file_with_only_comments PASSED [ 23%]
tests/test_edge_cases.py::TestFileSystemEdgeCases::test_very_long_filename PASSED [ 23%]
tests/test_edge_cases.py::TestFileSystemEdgeCases::test_special_characters_in_filename PASSED [ 23%]
tests/test_edge_cases.py::TestFileSystemEdgeCases::test_symlink_handling PASSED [ 23%]
tests/test_edge_cases.py::TestFileSystemEdgeCases::test_permission_denied_file PASSED [ 23%]
tests/test_edge_cases.py::TestCodeContentEdgeCases::test_invalid_encoding PASSED [ 23%]
tests/test_edge_cases.py::TestCodeContentEdgeCases::test_mixed_line_endings PASSED [ 23%]
tests/test_edge_cases.py::TestCodeContentEdgeCases::test_no_newline_at_eof PASSED [ 24%]
tests/test_edge_cases.py::TestCodeContentEdgeCases::test_extremely_long_lines PASSED [ 24%]
tests/test_edge_cases.py::TestCodeContentEdgeCases::test_deeply_nested_structures PASSED [ 24%]
tests/test_edge_cases.py::TestCodeContentEdgeCases::test_malformed_syntax PASSED [ 24%]
tests/test_edge_cases.py::TestCodeContentEdgeCases::test_unicode_identifiers PASSED [ 24%]
tests/test_edge_cases.py::TestLanguageEdgeCases::test_unsupported_language PASSED [ 24%]
tests/test_edge_cases.py::TestLanguageEdgeCases::test_ambiguous_file_extension PASSED [ 24%]
tests/test_edge_cases.py::TestLanguageEdgeCases::test_language_specific_edge_cases PASSED [ 24%]
tests/test_edge_cases.py::TestConfigurationEdgeCases::test_invalid_config_values PASSED [ 24%]
tests/test_edge_cases.py::TestConfigurationEdgeCases::test_circular_config_includes PASSED [ 24%]
tests/test_edge_cases.py::TestConfigurationEdgeCases::test_missing_config_file_reference PASSED [ 24%]
tests/test_edge_cases.py::TestMemoryEdgeCases::test_extremely_large_chunk PASSED [ 24%]
tests/test_edge_cases.py::TestMemoryEdgeCases::test_many_small_chunks PASSED [ 24%]
tests/test_edge_cases.py::TestConcurrencyEdgeCases::test_race_condition_file_modification PASSED [ 24%]
tests/test_edge_cases.py::TestConcurrencyEdgeCases::test_file_deletion_during_batch PASSED [ 24%]
tests/test_edge_cases.py::TestExportEdgeCases::test_export_with_invalid_json_characters PASSED [ 24%]
tests/test_edge_cases.py::TestExportEdgeCases::test_export_empty_chunks_list PASSED [ 24%]
tests/test_edge_cases.py::TestExportEdgeCases::test_export_with_null_values PASSED [ 24%]
tests/test_edge_cases.py::TestSystemIntegrationEdgeCases::test_extremely_long_command_line PASSED [ 24%]
tests/test_edge_cases.py::TestSystemIntegrationEdgeCases::test_mixed_path_separators PASSED [ 24%]
tests/test_elixir_language.py::TestElixirBasicChunking::test_simple_functions PASSED [ 24%]
tests/test_elixir_language.py::TestElixirBasicChunking::test_macros_and_specs PASSED [ 25%]
tests/test_elixir_language.py::TestElixirBasicChunking::test_genserver_implementation PASSED [ 25%]
tests/test_elixir_language.py::TestElixirBasicChunking::test_pattern_matching PASSED [ 25%]
tests/test_elixir_language.py::TestElixirContractCompliance::test_implements_contract PASSED [ 25%]
tests/test_elixir_language.py::TestElixirContractCompliance::test_get_semantic_chunks PASSED [ 25%]
tests/test_elixir_language.py::TestElixirContractCompliance::test_get_chunk_node_types PASSED [ 25%]
tests/test_elixir_language.py::TestElixirContractCompliance::test_should_chunk_node PASSED [ 25%]
tests/test_elixir_language.py::TestElixirContractCompliance::test_get_node_context PASSED [ 25%]
tests/test_elixir_language.py::TestElixirEdgeCases::test_empty_file PASSED [ 25%]
tests/test_elixir_language.py::TestElixirEdgeCases::test_comments_only PASSED [ 25%]
tests/test_elixir_language.py::TestElixirEdgeCases::test_anonymous_functions PASSED [ 25%]
tests/test_elixir_language.py::TestElixirEdgeCases::test_protocols_and_implementations PASSED [ 25%]
tests/test_elixir_language.py::TestElixirEdgeCases::test_pipe_operators PASSED [ 25%]
tests/test_elixir_language.py::TestElixirEdgeCases::test_structs_and_behaviours PASSED [ 25%]
tests/test_end_to_end.py::TestFullPipeline::test_single_file_all_export_formats PASSED [ 25%]
tests/test_end_to_end.py::TestFullPipeline::test_multi_language_project PASSED [ 25%]
tests/test_end_to_end.py::TestFullPipeline::test_parallel_processing_pipeline PASSED [ 25%]
tests/test_end_to_end.py::TestFullPipeline::test_configuration_precedence PASSED [ 25%]
tests/test_end_to_end.py::TestCLIIntegration::test_cli_basic_workflow PASSED [ 25%]
tests/test_end_to_end.py::TestCLIIntegration::test_cli_batch_processing PASSED [ 25%]
tests/test_end_to_end.py::TestCLIIntegration::test_cli_with_config_file PASSED [ 25%]
tests/test_end_to_end.py::TestPerformanceBaseline::test_large_file_pipeline PASSED [ 26%]
tests/test_end_to_end.py::TestPerformanceBaseline::test_memory_usage_monitoring PASSED [ 26%]
tests/test_end_to_end.py::TestErrorPropagation::test_invalid_file_handling PASSED [ 26%]
tests/test_end_to_end.py::TestErrorPropagation::test_export_error_handling PASSED [ 26%]
tests/test_end_to_end.py::TestErrorPropagation::test_partial_success_handling PASSED [ 26%]
tests/test_env_config.py::TestEnvironmentVariableExpansion::test_expand_simple_env_var PASSED [ 26%]
tests/test_env_config.py::TestEnvironmentVariableExpansion::test_expand_env_var_with_default PASSED [ 26%]
tests/test_env_config.py::TestEnvironmentVariableExpansion::test_expand_env_vars_in_dict PASSED [ 26%]
tests/test_env_config.py::TestEnvironmentVariableExpansion::test_expand_env_vars_in_list PASSED [ 26%]
tests/test_env_config.py::TestEnvironmentVariableExpansion::test_env_var_in_config_file PASSED [ 26%]
tests/test_env_config.py::TestEnvironmentVariableOverrides::test_override_enabled_languages PASSED [ 26%]
tests/test_env_config.py::TestEnvironmentVariableOverrides::test_override_plugin_dirs PASSED [ 26%]
tests/test_env_config.py::TestEnvironmentVariableOverrides::test_override_language_config PASSED [ 26%]
tests/test_env_config.py::TestEnvironmentVariableOverrides::test_override_custom_language_options PASSED [ 26%]
tests/test_env_config.py::TestEnvironmentVariableOverrides::test_override_default_plugin_config PASSED [ 26%]
tests/test_env_config.py::TestEnvironmentVariableOverrides::test_env_override_with_config_file PASSED [ 26%]
tests/test_env_config.py::TestEnvironmentVariableInfo::test_get_env_var_info PASSED [ 26%]
tests/test_env_config.py::TestIntegration::test_disable_env_vars PASSED  [ 26%]
tests/test_env_config.py::TestIntegration::test_complex_scenario PASSED  [ 26%]
tests/test_exception_serialization.py::TestExceptionSerialization::test_standard_exception_serialization PASSED [ 26%]
tests/test_exception_serialization.py::TestExceptionSerialization::test_chunker_exception_serialization PASSED [ 26%]
tests/test_exception_serialization.py::TestExceptionSerialization::test_nested_exception_serialization PASSED [ 27%]
tests/test_exception_serialization.py::TestExceptionSerialization::test_non_serializable_exception_handling PASSED [ 27%]
tests/test_exception_serialization.py::TestExceptionSerialization::test_traceback_preservation PASSED [ 27%]
tests/test_exception_serialization.py::TestExceptionSerialization::test_exception_pickling_directly PASSED [ 27%]
tests/test_exception_serialization.py::TestExceptionSerialization::test_multiprocessing_queue_exception_passing PASSED [ 27%]
tests/test_exception_serialization.py::TestExceptionSerialization::test_exception_with_large_context PASSED [ 27%]
tests/test_exception_serialization.py::TestExceptionSerialization::test_exception_in_result_aggregation PASSED [ 27%]
tests/test_exceptions.py::TestChunkerError::test_basic_error PASSED      [ 27%]
tests/test_exceptions.py::TestChunkerError::test_error_with_details PASSED [ 27%]
tests/test_exceptions.py::TestChunkerError::test_inheritance PASSED      [ 27%]
tests/test_exceptions.py::TestLanguageErrors::test_language_not_found_error PASSED [ 27%]
tests/test_exceptions.py::TestLanguageErrors::test_language_not_found_no_available PASSED [ 27%]
tests/test_exceptions.py::TestLanguageErrors::test_language_load_error PASSED [ 27%]
tests/test_exceptions.py::TestParserErrors::test_parser_init_error PASSED [ 27%]
tests/test_exceptions.py::TestParserErrors::test_parser_config_error PASSED [ 27%]
tests/test_exceptions.py::TestLibraryErrors::test_library_not_found_error PASSED [ 27%]
tests/test_exceptions.py::TestLibraryErrors::test_library_load_error PASSED [ 27%]
tests/test_exceptions.py::TestLibraryErrors::test_library_symbol_error PASSED [ 27%]
tests/test_exceptions.py::TestExceptionHierarchy::test_all_inherit_from_chunker_error PASSED [ 27%]
tests/test_exceptions.py::TestExceptionHierarchy::test_error_categories PASSED [ 27%]
tests/test_exceptions.py::TestExceptionHierarchy::test_exception_catching PASSED [ 27%]
tests/test_exceptions.py::TestErrorMessages::test_consistent_formatting PASSED [ 28%]
tests/test_exceptions.py::TestErrorMessages::test_details_in_string_representation PASSED [ 28%]
tests/test_export_integration_advanced.py::TestStreamingExport::test_jsonl_streaming_export PASSED [ 28%]
tests/test_export_integration_advanced.py::TestStreamingExport::test_compressed_streaming_export PASSED [ 28%]
tests/test_export_integration_advanced.py::TestSchemaTransformations::test_flat_schema_export PASSED [ 28%]
tests/test_export_integration_advanced.py::TestSchemaTransformations::test_full_schema_export PASSED [ 28%]
tests/test_export_integration_advanced.py::TestSchemaTransformations::test_minimal_schema_export PASSED [ 28%]
tests/test_export_integration_advanced.py::TestMultiFormatExport::test_parallel_multi_format_export PASSED [ 28%]
tests/test_export_integration_advanced.py::TestMultiFormatExport::test_format_consistency PASSED [ 28%]
tests/test_export_integration_advanced.py::TestExportErrorHandling::test_export_to_readonly_directory PASSED [ 28%]
tests/test_export_integration_advanced.py::TestExportErrorHandling::test_export_with_invalid_chunks PASSED [ 28%]
tests/test_export_integration_advanced.py::TestExportErrorHandling::test_interrupted_streaming_export PASSED [ 28%]
tests/test_export_integration_advanced.py::TestLargeScaleExport::test_export_memory_efficiency PASSED [ 28%]
tests/test_export_integration_advanced.py::TestLargeScaleExport::test_export_performance_comparison PASSED [ 28%]
tests/test_export_integration_advanced.py::TestCustomExportScenarios::test_filtered_export PASSED [ 28%]
tests/test_export_integration_advanced.py::TestCustomExportScenarios::test_incremental_export PASSED [ 28%]
tests/test_export_integration_advanced.py::test_export_format_auto_detection PASSED [ 28%]
tests/test_export_json.py::test_json_export_flat_schema PASSED           [ 28%]
tests/test_export_json.py::test_json_export_nested_schema PASSED         [ 28%]
tests/test_export_json.py::test_json_export_minimal_schema PASSED        [ 28%]
tests/test_export_json.py::test_json_export_full_schema PASSED           [ 28%]
tests/test_export_json.py::test_json_export_to_file PASSED               [ 29%]
tests/test_export_json.py::test_json_export_compressed PASSED            [ 29%]
tests/test_export_json.py::test_json_export_custom_indent PASSED         [ 29%]
tests/test_export_jsonl.py::test_jsonl_export_flat_schema PASSED         [ 29%]
tests/test_export_jsonl.py::test_jsonl_export_full_schema PASSED         [ 29%]
tests/test_export_jsonl.py::test_jsonl_export_to_file PASSED             [ 29%]
tests/test_export_jsonl.py::test_jsonl_export_compressed PASSED          [ 29%]
tests/test_export_jsonl.py::test_jsonl_stream_export PASSED              [ 29%]
tests/test_export_jsonl.py::test_jsonl_stream_export_compressed PASSED   [ 29%]
tests/test_export_jsonl.py::test_jsonl_minimal_schema PASSED             [ 29%]
tests/test_factory.py::TestParserConfig::test_valid_config PASSED        [ 29%]
tests/test_factory.py::TestParserConfig::test_invalid_timeout PASSED     [ 29%]
tests/test_factory.py::TestParserConfig::test_invalid_ranges PASSED      [ 29%]
tests/test_factory.py::TestLRUCache::test_basic_operations PASSED        [ 29%]
tests/test_factory.py::TestLRUCache::test_lru_eviction PASSED            [ 29%]
tests/test_factory.py::TestLRUCache::test_clear PASSED                   [ 29%]
tests/test_factory.py::TestLRUCache::test_thread_safety PASSED           [ 29%]
tests/test_factory.py::TestParserPool::test_pool_operations PASSED       [ 29%]
tests/test_factory.py::TestParserPool::test_pool_max_size PASSED         [ 29%]
tests/test_factory.py::TestParserFactory::test_parser_creation PASSED    [ 29%]
tests/test_factory.py::TestParserFactory::test_parser_caching PASSED     [ 29%]
tests/test_factory.py::TestParserFactory::test_parser_with_config PASSED [ 30%]
tests/test_factory.py::TestParserFactory::test_invalid_language PASSED   [ 30%]
tests/test_factory.py::TestParserFactory::test_invalid_config PASSED     [ 30%]
tests/test_factory.py::TestParserFactory::test_return_parser PASSED      [ 30%]
tests/test_factory.py::TestParserFactory::test_clear_cache PASSED        [ 30%]
tests/test_factory.py::TestParserFactory::test_get_stats PASSED          [ 30%]
tests/test_factory.py::TestParserFactory::test_concurrent_access PASSED  [ 30%]
tests/test_factory.py::TestParserFactory::test_parser_init_error PASSED  [ 30%]
tests/test_factory.py::TestParserFactory::test_parser_config_application PASSED [ 30%]
tests/test_fallback_chunking.py::TestFallbackBase::test_fallback_warning_emitted PASSED [ 30%]
tests/test_fallback_chunking.py::TestFallbackBase::test_line_based_chunking PASSED [ 30%]
tests/test_fallback_chunking.py::TestFallbackBase::test_line_based_with_overlap PASSED [ 30%]
tests/test_fallback_chunking.py::TestFallbackBase::test_delimiter_based_chunking PASSED [ 30%]
tests/test_fallback_chunking.py::TestFileTypeDetection::test_extension_detection PASSED [ 30%]
tests/test_fallback_chunking.py::TestFileTypeDetection::test_content_detection PASSED [ 30%]
tests/test_fallback_chunking.py::TestFileTypeDetection::test_encoding_detection PASSED [ 30%]
tests/test_fallback_chunking.py::TestLogChunker::test_timestamp_detection PASSED [ 30%]
tests/test_fallback_chunking.py::TestLogChunker::test_chunk_by_timestamp PASSED [ 30%]
tests/test_fallback_chunking.py::TestLogChunker::test_chunk_by_severity PASSED [ 30%]
tests/test_fallback_chunking.py::TestMarkdownChunker::test_chunk_by_headers PASSED [ 30%]
tests/test_fallback_chunking.py::TestMarkdownChunker::test_chunk_by_sections PASSED [ 30%]
tests/test_fallback_chunking.py::TestMarkdownChunker::test_extract_code_blocks PASSED [ 31%]
tests/test_fallback_chunking.py::TestFallbackManager::test_manager_file_detection PASSED [ 31%]
tests/test_fallback_chunking.py::TestFallbackManager::test_manager_fallback_info PASSED [ 31%]
tests/test_fallback_chunking.py::TestFallbackManager::test_csv_chunking PASSED [ 31%]
tests/test_gc_tuning.py::TestGCTuner::test_gc_tuner_initialization PASSED [ 31%]
tests/test_gc_tuning.py::TestGCTuner::test_tune_for_batch_processing PASSED [ 31%]
tests/test_gc_tuning.py::TestGCTuner::test_tune_for_streaming PASSED     [ 31%]
tests/test_gc_tuning.py::TestGCTuner::test_tune_for_memory_intensive PASSED [ 31%]
tests/test_gc_tuning.py::TestGCTuner::test_disable_restore_gc PASSED     [ 31%]
tests/test_gc_tuning.py::TestGCTuner::test_optimized_for_task_context PASSED [ 31%]
tests/test_gc_tuning.py::TestGCTuner::test_collect_with_stats PASSED     [ 31%]
tests/test_gc_tuning.py::TestMemoryOptimizer::test_memory_optimizer_singleton PASSED [ 31%]
tests/test_gc_tuning.py::TestMemoryOptimizer::test_object_pool_creation PASSED [ 31%]
tests/test_gc_tuning.py::TestMemoryOptimizer::test_weak_references PASSED [ 31%]
tests/test_gc_tuning.py::TestMemoryOptimizer::test_memory_efficient_batch PASSED [ 31%]
tests/test_gc_tuning.py::TestMemoryOptimizer::test_optimize_for_file_processing PASSED [ 31%]
tests/test_gc_tuning.py::TestMemoryOptimizer::test_get_memory_usage PASSED [ 31%]
tests/test_gc_tuning.py::TestObjectPool::test_object_pool_basic_operations PASSED [ 31%]
tests/test_gc_tuning.py::TestObjectPool::test_object_pool_max_size PASSED [ 31%]
tests/test_gc_tuning.py::TestObjectPool::test_object_pool_with_reset PASSED [ 31%]
tests/test_gc_tuning.py::TestObjectPool::test_object_pool_clear PASSED   [ 31%]
tests/test_gc_tuning.py::TestConvenienceFunctions::test_tune_gc_for_batch PASSED [ 32%]
tests/test_gc_tuning.py::TestConvenienceFunctions::test_tune_gc_for_streaming PASSED [ 32%]
tests/test_gc_tuning.py::TestConvenienceFunctions::test_gc_disabled_context PASSED [ 32%]
tests/test_gc_tuning.py::TestIntegration::test_gc_tuning_with_large_file_processing PASSED [ 32%]
tests/test_go_language.py::TestGoLanguageSupport::test_go_function_chunking SKIPPED [ 32%]
tests/test_go_language.py::TestGoLanguageSupport::test_go_method_chunking SKIPPED [ 32%]
tests/test_go_language.py::TestGoLanguageSupport::test_go_type_declarations SKIPPED [ 32%]
tests/test_go_language.py::TestGoLanguageSupport::test_go_const_var_declarations SKIPPED [ 32%]
tests/test_go_language.py::TestGoLanguageSupport::test_go_language_config SKIPPED [ 32%]
tests/test_grammar_discovery.py::TestGrammarDiscoveryService::test_list_available_grammars_from_github PASSED [ 32%]
tests/test_grammar_discovery.py::TestGrammarDiscoveryService::test_caching_behavior PASSED [ 32%]
tests/test_grammar_discovery.py::TestGrammarDiscoveryService::test_cache_expiration PASSED [ 32%]
tests/test_grammar_discovery.py::TestGrammarDiscoveryService::test_get_grammar_info PASSED [ 32%]
tests/test_grammar_discovery.py::TestGrammarDiscoveryService::test_check_grammar_updates PASSED [ 32%]
tests/test_grammar_discovery.py::TestGrammarDiscoveryService::test_search_grammars PASSED [ 32%]
tests/test_grammar_discovery.py::TestGrammarDiscoveryService::test_get_grammar_compatibility PASSED [ 32%]
tests/test_grammar_discovery.py::TestGrammarDiscoveryService::test_refresh_cache PASSED [ 32%]
tests/test_grammar_discovery.py::TestGrammarDiscoveryService::test_version_comparison PASSED [ 32%]
tests/test_grammar_discovery.py::TestGrammarDiscoveryService::test_rate_limit_handling PASSED [ 32%]
tests/test_grammar_download.py::TestGrammarDownloadManager::test_initialization PASSED [ 32%]
tests/test_grammar_download.py::TestGrammarDownloadManager::test_metadata_handling PASSED [ 32%]
tests/test_grammar_download.py::TestGrammarDownloadManager::test_is_grammar_cached PASSED [ 33%]
tests/test_grammar_download.py::TestGrammarDownloadManager::test_validate_grammar PASSED [ 33%]
tests/test_grammar_download.py::TestGrammarDownloadManager::test_clean_cache PASSED [ 33%]
tests/test_grammar_download.py::TestGrammarDownloadManager::test_download_file PASSED [ 33%]
tests/test_grammar_download.py::TestGrammarDownloadManager::test_compile_grammar PASSED [ 33%]
tests/test_grammar_download.py::TestGrammarDownloadManager::test_compile_grammar_with_scanner PASSED [ 33%]
tests/test_grammar_download.py::TestGrammarDownloadManager::test_download_and_compile_cached PASSED [ 33%]
tests/test_grammar_download.py::TestGrammarDownloadManager::test_unknown_language PASSED [ 33%]
tests/test_grammar_download.py::TestGrammarDownloadManager::test_get_abi_version PASSED [ 33%]
tests/test_grammar_download.py::TestGrammarDownloadManager::test_extract_archive PASSED [ 33%]
tests/test_grammar_download.py::TestGrammarDownloadManager::test_get_grammar_cache_dir PASSED [ 33%]
tests/test_grammar_manager.py::TestGrammarManager::test_initialization PASSED [ 33%]
tests/test_grammar_manager.py::TestGrammarManager::test_add_grammar_source_success PASSED [ 33%]
tests/test_grammar_manager.py::TestGrammarManager::test_add_grammar_source_duplicate PASSED [ 33%]
tests/test_grammar_manager.py::TestGrammarManager::test_add_grammar_source_invalid_url PASSED [ 33%]
tests/test_grammar_manager.py::TestGrammarManager::test_fetch_grammars_success PASSED [ 33%]
tests/test_grammar_manager.py::TestGrammarManager::test_fetch_grammars_partial_failure PASSED [ 33%]
tests/test_grammar_manager.py::TestGrammarManager::test_fetch_grammars_specific_languages PASSED [ 33%]
tests/test_grammar_manager.py::TestGrammarManager::test_fetch_grammars_unknown_language PASSED [ 33%]
tests/test_grammar_manager.py::TestGrammarManager::test_compile_grammars_success PASSED [ 33%]
tests/test_grammar_manager.py::TestGrammarManager::test_compile_grammars_no_sources PASSED [ 34%]
tests/test_grammar_manager.py::TestGrammarManager::test_compile_grammars_failure PASSED [ 34%]
tests/test_grammar_manager.py::TestGrammarManager::test_get_available_languages_no_library PASSED [ 34%]
tests/test_grammar_manager.py::TestGrammarManager::test_get_available_languages_with_library PASSED [ 34%]
tests/test_grammar_manager.py::TestGrammarManager::test_get_available_languages_fallback PASSED [ 34%]
tests/test_grammar_manager.py::TestGrammarManager::test_concurrent_operations PASSED [ 34%]
tests/test_grammar_manager.py::TestGrammarManager::test_empty_config_handling PASSED [ 34%]
tests/test_graph_cut.py::test_graph_cut_radius_budget_and_weights PASSED [ 34%]
tests/test_graphml_exporter.py::TestGraphMLExporter::test_xml_namespace PASSED [ 34%]
tests/test_graphml_exporter.py::TestGraphMLExporter::test_graph_attributes PASSED [ 34%]
tests/test_graphml_exporter.py::TestGraphMLExporter::test_key_elements PASSED [ 34%]
tests/test_graphml_exporter.py::TestGraphMLExporter::test_node_data_elements PASSED [ 34%]
tests/test_graphml_exporter.py::TestGraphMLExporter::test_edge_creation PASSED [ 34%]
tests/test_graphml_exporter.py::TestGraphMLExporter::test_special_character_escaping PASSED [ 34%]
tests/test_graphml_exporter.py::TestGraphMLExporter::test_export_to_file PASSED [ 34%]
tests/test_graphml_exporter.py::TestGraphMLExporter::test_visualization_hints_integration PASSED [ 34%]
tests/test_graphml_exporter.py::TestGraphMLExporter::test_pretty_print_option PASSED [ 34%]
tests/test_graphml_exporter.py::TestGraphMLExporter::test_empty_graph PASSED [ 34%]
tests/test_haskell_language.py::TestHaskellBasicChunking::test_simple_function PASSED [ 34%]
tests/test_haskell_language.py::TestHaskellBasicChunking::test_data_types PASSED [ 34%]
tests/test_haskell_language.py::TestHaskellBasicChunking::test_type_classes PASSED [ 34%]
tests/test_haskell_language.py::TestHaskellBasicChunking::test_module_structure PASSED [ 35%]
tests/test_haskell_language.py::TestHaskellContractCompliance::test_implements_contract PASSED [ 35%]
tests/test_haskell_language.py::TestHaskellContractCompliance::test_get_semantic_chunks PASSED [ 35%]
tests/test_haskell_language.py::TestHaskellContractCompliance::test_get_chunk_node_types PASSED [ 35%]
tests/test_haskell_language.py::TestHaskellContractCompliance::test_should_chunk_node PASSED [ 35%]
tests/test_haskell_language.py::TestHaskellContractCompliance::test_get_node_context PASSED [ 35%]
tests/test_haskell_language.py::TestHaskellEdgeCases::test_empty_file PASSED [ 35%]
tests/test_haskell_language.py::TestHaskellEdgeCases::test_comments_only PASSED [ 35%]
tests/test_haskell_language.py::TestHaskellEdgeCases::test_guards_and_pattern_matching PASSED [ 35%]
tests/test_haskell_language.py::TestHaskellEdgeCases::test_where_clauses PASSED [ 35%]
tests/test_haskell_language.py::TestHaskellEdgeCases::test_lambda_expressions PASSED [ 35%]
tests/test_hierarchical_chunker.py::TestHierarchicalChunker::test_can_handle PASSED [ 35%]
tests/test_hierarchical_chunker.py::TestHierarchicalChunker::test_hierarchical_structure PASSED [ 35%]
tests/test_hierarchical_chunker.py::TestHierarchicalChunker::test_granularity_settings PASSED [ 35%]
tests/test_hierarchical_chunker.py::TestHierarchicalChunker::test_max_depth_limit PASSED [ 35%]
tests/test_hierarchical_chunker.py::TestHierarchicalChunker::test_leaf_node_preservation PASSED [ 35%]
tests/test_hierarchical_chunker.py::TestHierarchicalChunker::test_parent_context_tracking PASSED [ 35%]
tests/test_hierarchical_chunker.py::TestHierarchicalChunker::test_intermediate_nodes PASSED [ 35%]
tests/test_hierarchical_chunker.py::TestHierarchicalChunker::test_hierarchical_optimization PASSED [ 35%]
tests/test_hierarchical_chunker.py::TestHierarchicalChunker::test_javascript_hierarchy PASSED [ 35%]
tests/test_hierarchy.py::TestChunkHierarchyBuilder::test_build_hierarchy_basic PASSED [ 35%]
tests/test_hierarchy.py::TestChunkHierarchyBuilder::test_build_hierarchy_empty PASSED [ 36%]
tests/test_hierarchy.py::TestChunkHierarchyBuilder::test_build_hierarchy_orphaned_chunks PASSED [ 36%]
tests/test_hierarchy.py::TestChunkHierarchyBuilder::test_find_common_ancestor_same_chunk PASSED [ 36%]
tests/test_hierarchy.py::TestChunkHierarchyBuilder::test_find_common_ancestor_siblings PASSED [ 36%]
tests/test_hierarchy.py::TestChunkHierarchyBuilder::test_find_common_ancestor_parent_child PASSED [ 36%]
tests/test_hierarchy.py::TestChunkHierarchyBuilder::test_find_common_ancestor_no_common PASSED [ 36%]
tests/test_hierarchy.py::TestChunkHierarchyBuilder::test_validate_hierarchy_valid PASSED [ 36%]
tests/test_hierarchy.py::TestChunkHierarchyBuilder::test_validate_hierarchy_cycle PASSED [ 36%]
tests/test_hierarchy.py::TestChunkHierarchyBuilder::test_validate_hierarchy_inconsistent_maps PASSED [ 36%]
tests/test_hierarchy.py::TestChunkHierarchyBuilder::test_chunk_ordering PASSED [ 36%]
tests/test_hierarchy.py::TestHierarchyNavigator::test_get_children PASSED [ 36%]
tests/test_hierarchy.py::TestHierarchyNavigator::test_get_descendants PASSED [ 36%]
tests/test_hierarchy.py::TestHierarchyNavigator::test_get_ancestors PASSED [ 36%]
tests/test_hierarchy.py::TestHierarchyNavigator::test_get_siblings PASSED [ 36%]
tests/test_hierarchy.py::TestHierarchyNavigator::test_filter_by_depth PASSED [ 36%]
tests/test_hierarchy.py::TestHierarchyNavigator::test_get_depth PASSED   [ 36%]
tests/test_hierarchy.py::TestHierarchyNavigator::test_get_subtree PASSED [ 36%]
tests/test_hierarchy.py::TestHierarchyNavigator::test_get_level_order_traversal PASSED [ 36%]
tests/test_hierarchy.py::TestHierarchyNavigator::test_find_chunks_by_type PASSED [ 36%]
tests/test_hierarchy.py::TestHierarchyIntegration::test_python_code_hierarchy PASSED [ 36%]
tests/test_hierarchy.py::TestHierarchyIntegration::test_javascript_code_hierarchy FAILED [ 36%]
tests/test_hierarchy.py::TestHierarchyIntegration::test_complex_nesting PASSED [ 37%]
tests/test_incremental.py::TestIncrementalProcessor::test_compute_diff_no_changes PASSED [ 37%]
tests/test_incremental.py::TestIncrementalProcessor::test_compute_diff_with_modifications PASSED [ 37%]
tests/test_incremental.py::TestIncrementalProcessor::test_compute_diff_with_additions PASSED [ 37%]
tests/test_incremental.py::TestIncrementalProcessor::test_compute_diff_with_deletions PASSED [ 37%]
tests/test_incremental.py::TestIncrementalProcessor::test_detect_moved_chunks PASSED [ 37%]
tests/test_incremental.py::TestIncrementalProcessor::test_update_chunks PASSED [ 37%]
tests/test_incremental.py::TestIncrementalProcessor::test_merge_incremental_results PASSED [ 37%]
tests/test_incremental.py::TestChunkCache::test_store_and_retrieve PASSED [ 37%]
tests/test_incremental.py::TestChunkCache::test_retrieve_with_wrong_hash PASSED [ 37%]
tests/test_incremental.py::TestChunkCache::test_invalidate_specific_file PASSED [ 37%]
tests/test_incremental.py::TestChunkCache::test_invalidate_by_age PASSED [ 37%]
tests/test_incremental.py::TestChunkCache::test_cache_statistics PASSED  [ 37%]
tests/test_incremental.py::TestChunkCache::test_export_import_cache PASSED [ 37%]
tests/test_incremental.py::TestChangeDetector::test_compute_file_hash PASSED [ 37%]
tests/test_incremental.py::TestChangeDetector::test_find_changed_regions PASSED [ 37%]
tests/test_incremental.py::TestChangeDetector::test_classify_change PASSED [ 37%]
tests/test_incremental.py::TestIncrementalIndex::test_update_chunk PASSED [ 37%]
tests/test_incremental.py::TestIncrementalIndex::test_batch_update PASSED [ 37%]
tests/test_incremental.py::TestIncrementalIndex::test_get_update_cost PASSED [ 37%]
tests/test_incremental.py::TestIncrementalIndex::test_search PASSED      [ 37%]
tests/test_incremental_integration.py::TestIncrementalIntegration::test_incremental_workflow PASSED [ 38%]
tests/test_incremental_integration.py::TestIncrementalIntegration::test_cross_file_move_detection PASSED [ 38%]
tests/test_incremental_integration.py::TestIncrementalIntegration::test_cache_persistence PASSED [ 38%]
tests/test_incremental_integration.py::TestIncrementalIntegration::test_performance_metrics PASSED [ 38%]
tests/test_incremental_unit.py::TestIncrementalProcessor::test_compute_diff_no_changes PASSED [ 38%]
tests/test_incremental_unit.py::TestIncrementalProcessor::test_compute_diff_with_modifications PASSED [ 38%]
tests/test_incremental_unit.py::TestIncrementalProcessor::test_compute_diff_with_additions PASSED [ 38%]
tests/test_incremental_unit.py::TestIncrementalProcessor::test_compute_diff_with_deletions PASSED [ 38%]
tests/test_incremental_unit.py::TestIncrementalProcessor::test_detect_moved_chunks PASSED [ 38%]
tests/test_incremental_unit.py::TestIncrementalProcessor::test_update_chunks PASSED [ 38%]
tests/test_incremental_unit.py::TestIncrementalProcessor::test_merge_incremental_results PASSED [ 38%]
tests/test_incremental_unit.py::TestChunkCache::test_store_and_retrieve PASSED [ 38%]
tests/test_incremental_unit.py::TestChunkCache::test_retrieve_with_wrong_hash PASSED [ 38%]
tests/test_incremental_unit.py::TestChunkCache::test_invalidate_specific_file PASSED [ 38%]
tests/test_incremental_unit.py::TestChunkCache::test_invalidate_by_age PASSED [ 38%]
tests/test_incremental_unit.py::TestChunkCache::test_cache_statistics PASSED [ 38%]
tests/test_incremental_unit.py::TestChunkCache::test_export_import_cache PASSED [ 38%]
tests/test_incremental_unit.py::TestChangeDetector::test_compute_file_hash PASSED [ 38%]
tests/test_incremental_unit.py::TestChangeDetector::test_find_changed_regions PASSED [ 38%]
tests/test_incremental_unit.py::TestChangeDetector::test_classify_change PASSED [ 38%]
tests/test_incremental_unit.py::TestIncrementalIndex::test_update_chunk PASSED [ 38%]
tests/test_incremental_unit.py::TestIncrementalIndex::test_batch_update PASSED [ 39%]
tests/test_incremental_unit.py::TestIncrementalIndex::test_get_update_cost PASSED [ 39%]
tests/test_incremental_unit.py::TestIncrementalIndex::test_search PASSED [ 39%]
tests/test_integration.py::TestAllLanguages::test_all_languages_parse PASSED [ 39%]
tests/test_integration.py::TestAllLanguages::test_language_metadata_consistency PASSED [ 39%]
tests/test_integration.py::TestConcurrentParsing::test_concurrent_multi_language_parsing PASSED [ 39%]
tests/test_integration.py::TestConcurrentParsing::test_stress_concurrent_parsing PASSED [ 39%]
tests/test_integration.py::TestParserConfiguration::test_timeout_configuration PASSED [ 39%]
tests/test_integration.py::TestParserConfiguration::test_invalid_configurations PASSED [ 39%]
tests/test_integration.py::TestMemoryEfficiency::test_parser_reuse PASSED [ 39%]
tests/test_integration.py::TestMemoryEfficiency::test_cache_effectiveness PASSED [ 39%]
tests/test_integration.py::TestErrorScenarios::test_large_file_parsing PASSED [ 39%]
tests/test_integration.py::TestErrorScenarios::test_malformed_code_handling PASSED [ 39%]
tests/test_intelligent_fallback.py::TestIntelligentFallback::test_basic_initialization PASSED [ 39%]
[...]
  3. Use the 'more-grammars' feature to add support
  
  Current fallback method: line_based
  
    return FallbackChunker.chunk_text(self, content, file_path, language)

tests/unit/test_chunk_comparison.py::TestChunkComparison::test_failed_strategy_handling
  /home/jenner/code/treesitter-chunker/chunker/debug/tools/comparison.py:206: FallbackWarning: Using fallback chunking for /tmp/tmpy9bvt96i.py (type: text, reason: FallbackReason.NO_GRAMMAR)
    return manager.chunk_file(file_path)

-- Docs: https://docs.pytest.org/en/stable/how-to/capture-warnings.html
=========================== short test summary info ============================
SKIPPED [1] tests/test_cli_integration_advanced.py:216: Interactive mode testing requires TTY
SKIPPED [1] tests/test_go_language.py:13: Go grammar not available
SKIPPED [1] tests/test_go_language.py:49: Go grammar not available
SKIPPED [1] tests/test_go_language.py:85: Go grammar not available
SKIPPED [1] tests/test_go_language.py:124: Go grammar not available
SKIPPED [1] tests/test_go_language.py:159: Go grammar not available
SKIPPED [1] tests/test_java_language.py:13: Java grammar not available
SKIPPED [1] tests/test_java_language.py:71: Java grammar not available
SKIPPED [1] tests/test_java_language.py:107: Java grammar not available
SKIPPED [1] tests/test_java_language.py:143: Java grammar not available
SKIPPED [1] tests/test_java_language.py:186: Java grammar not available
SKIPPED [1] tests/test_java_language.py:224: Java grammar not available
SKIPPED [1] tests/test_metadata_extraction.py:438: TypeScript grammar not available in test environment
SKIPPED [1] tests/test_metadata_extraction.py:455: TypeScript grammar not available in test environment
SKIPPED [1] tests/test_phase11_comprehensive_integration.py:318: Sliding window engine not available
SKIPPED [1] tests/test_ruby_language.py:13: Ruby grammar not available
SKIPPED [1] tests/test_ruby_language.py:53: Ruby grammar not available
SKIPPED [1] tests/test_ruby_language.py:91: Ruby grammar not available
SKIPPED [1] tests/test_ruby_language.py:130: Ruby grammar not available
SKIPPED [1] tests/test_ruby_language.py:159: Ruby grammar not available
SKIPPED [1] tests/test_ruby_language.py:191: Ruby grammar not available
FAILED tests/test_devenv_integration.py::TestDevEnvironmentIntegration::test_pre_commit_hooks_setup - assert not True
FAILED tests/test_hierarchy.py::TestHierarchyIntegration::test_javascript_code_hierarchy - assert 0 >= 1
 +  where 0 = len([])
FAILED tests/test_language_config.py::TestLanguageConfigRegistry::test_register_duplicate_language - Failed: DID NOT RAISE <class 'ValueError'>
FAILED tests/test_matlab_language.py::TestMATLABBasicChunking::test_matlab_classdef - assert False
 +  where False = any(<generator object TestMATLABBasicChunking.test_matlab_classdef.<locals>.<genexpr> at 0x7c3513a7de50>)
FAILED tests/test_matlab_language.py::TestMATLABEdgeCases::test_matlab_with_only_comments - assert 0 >= 1
 +  where 0 = len([])
FAILED tests/test_matlab_language.py::TestMATLABEdgeCases::test_matlab_with_events_enumeration - assert False
 +  where False = any(<generator object TestMATLABEdgeCases.test_matlab_with_events_enumeration.<locals>.<genexpr> at 0x7c3513a81cb0>)
FAILED tests/test_metadata_extraction.py::TestIntegrationWithChunker::test_chunk_with_metadata_javascript - AssertionError: Expected function_declaration chunk not found
assert None is not None
FAILED tests/test_ocaml_language.py::TestOCamlBasicChunking::test_simple_functions - assert 0 >= 4
 +  where 0 = len([])
FAILED tests/test_ocaml_language.py::TestOCamlBasicChunking::test_type_definitions - assert 0 >= 5
 +  where 0 = len([])
FAILED tests/test_ocaml_language.py::TestOCamlBasicChunking::test_module_definitions - assert 0 >= 4
 +  where 0 = len([])
FAILED tests/test_ocaml_language.py::TestOCamlBasicChunking::test_exception_definitions - assert 0 >= 3
 +  where 0 = len([])
FAILED tests/test_ocaml_language.py::TestOCamlEdgeCases::test_ocaml_with_only_comments - assert 0 >= 1
 +  where 0 = len([])
FAILED tests/test_ocaml_language.py::TestOCamlEdgeCases::test_ocaml_with_operators - assert False
 +  where False = any(<generator object TestOCamlEdgeCases.test_ocaml_with_operators.<locals>.<genexpr> at 0x7c351397c790>)
FAILED tests/test_ocaml_language.py::TestOCamlEdgeCases::test_ocaml_with_gadt - assert False
 +  where False = any(<generator object TestOCamlEdgeCases.test_ocaml_with_gadt.<locals>.<genexpr> at 0x7c351397d490>)
FAILED tests/test_ocaml_language.py::TestOCamlEdgeCases::test_ocaml_interface_file - assert False
 +  where False = any(<generator object TestOCamlEdgeCases.test_ocaml_interface_file.<locals>.<genexpr> at 0x7c351397e400>)
FAILED tests/test_phase10_full_integration.py::TestPhase10FullIntegration::test_error_handling_and_edge_cases - AttributeError: 'list' object has no attribute 'changes'
FAILED tests/test_phase10_full_integration.py::TestPhase10FullIntegration::test_performance_with_large_codebase - assert 0 > 0
 +  where 0 = len([])
FAILED tests/test_phase13_real_integration.py::TestPhase13RealIntegration::test_cross_component_integration - Failed: DID NOT RAISE <class 'Exception'>
FAILED tests/test_php_language.py::TestPHPLanguage::test_php_basic_chunking - AssertionError: assert 1 >= 5
 +  where 1 = len([CodeChunk(language='php', file_path='/tmp/tmpa_h7a2sb.tmp', node_type='function_definition', start_line=27, end_line=29, byte_start=517, byte_end=615, parent_context='', content='function validateEmail($email) {\n    return filter_var($email, FILTER_VALIDATE_EMAIL) !== false;\n}', chunk_id='93d9b80ba2f67388929b5ed5bf0637b72a116e43', parent_chunk_id=None, references=[], dependencies=[], metadata={}, node_id='93d9b80ba2f67388929b5ed5bf0637b72a116e43', file_id='d27e55bb4a00b2cb1757aea3bc74eb128d87c27d', symbol_id=None, parent_route=['function_definition'])])
FAILED tests/test_php_language.py::TestPHPLanguage::test_php_interface_abstract - assert 0 >= 2
 +  where 0 = len([])
FAILED tests/test_php_language.py::TestPHPLanguage::test_php_anonymous_functions - assert 0 >= 1
 +  where 0 = len([])
FAILED tests/test_php_language.py::TestPHPLanguage::test_php_modern_syntax - assert 0 >= 3
 +  where 0 = len([])
FAILED tests/test_php_language.py::TestPHPLanguage::test_php_mixed_content - assert 1 >= 2
 +  where 1 = len([CodeChunk(language='php', file_path='/tmp/tmpswi5vbf0.tmp', node_type='function_definition', start_line=21, end_line=23, byte_start=380, byte_end=462, parent_context='', content="function formatDate($date) {\n        return date('Y-m-d', strtotime($date));\n    }", chunk_id='d27220b9b29775380873e0b2899047111115617b', parent_chunk_id=None, references=[], dependencies=[], metadata={}, node_id='d27220b9b29775380873e0b2899047111115617b', file_id='358442396ce610a8b8756cb391136a5ef94537f1', symbol_id=None, parent_route=['function_definition'])])
FAILED tests/test_php_language.py::TestPHPLanguage::test_php_namespace_use - assert 0 >= 1
 +  where 0 = len([])
FAILED tests/test_php_language.py::TestPHPLanguage::test_php_file_extensions[.php] - assert None is not None
FAILED tests/test_php_language.py::TestPHPLanguage::test_php_file_extensions[.php3] - assert None is not None
FAILED tests/test_php_language.py::TestPHPLanguage::test_php_file_extensions[.php4] - assert None is not None
FAILED tests/test_php_language.py::TestPHPLanguage::test_php_file_extensions[.php5] - assert None is not None
FAILED tests/test_php_language.py::TestPHPLanguage::test_php_file_extensions[.phtml] - assert None is not None
FAILED tests/test_r_language.py::TestRBasicChunking::test_simple_function - AssertionError: assert 3 == 2
 +  where 3 = len([CodeChunk(language='r', file_path='/tmp/pytest-of-jenner/pytest-256/test_simple_function3/simple.R', node_type='comment', start_line=1, end_line=1, byte_start=0, byte_end=17, parent_context='', content='# Simple function', chunk_id='08248105aca45f09825365e5a3de67302f76bcec', parent_chunk_id=None, references=[], dependencies=[], metadata={}, node_id='08248105aca45f09825365e5a3de67302f76bcec', file_id='513523c1c1ea2704c9562afe0f8e2a532acbb630', symbol_id=None, parent_route=['comment']), CodeChunk(language='r', file_path='/tmp/pytest-of-jenner/pytest-256/test_simple_function3/simple.R', node_type='function_definition', start_line=2, end_line=4, byte_start=33, byte_end=69, parent_context='', content='function(a, b) {\n    return(a + b)\n}', chunk_id='663937e71eacfc2f3e9fcac1bdf67ac5813d0b44', parent_chunk_id=None, references=[], dependencies=[], metadata={}, node_id='663937e71eacfc2f3e9fcac1bdf67ac5813d0b44', file_id='513523c1c1ea2704c9562afe0f8e2a532acbb630', symbol_id=None, parent_route=['function_definition']), CodeChunk(language='r', file_path='/tmp/pytest-of-jenner/pytest-256/test_simple_function3/simple.R', node_type='function_definition', start_line=7, end_line=9, byte_start=115, byte_end=143, parent_context='', content='function(x, y) {\n    x * y\n}', chunk_id='5b7c01442d71c9397d5768adb91e146058d30166', parent_chunk_id=None, references=[], dependencies=[], metadata={}, node_id='5b7c01442d71c9397d5768adb91e146058d30166', file_id='513523c1c1ea2704c9562afe0f8e2a532acbb630', symbol_id=None, parent_route=['function_definition'])])
FAILED tests/test_r_language.py::TestRBasicChunking::test_nested_functions - assert False
 +  where False = any(<generator object TestRBasicChunking.test_nested_functions.<locals>.<genexpr> at 0x7c34e3ab6260>)
FAILED tests/test_r_language.py::TestRBasicChunking::test_s3_methods - assert False
 +  where False = any(<generator object TestRBasicChunking.test_s3_methods.<locals>.<genexpr> at 0x7c34e3ab6f60>)
FAILED tests/test_r_language.py::TestRContractCompliance::test_get_chunk_node_types - AssertionError: assert ('assignment' in {'while_statement', 'comment', 'function_definition', 'repeat_statement', 'if_statement', 'binary_operator', 'for_statement'} or 'left_assignment' in {'while_statement', 'comment', 'function_definition', 'repeat_statement', 'if_statement', 'binary_operator', 'for_statement'})
FAILED tests/test_r_language.py::TestRContractCompliance::test_should_chunk_node - AssertionError: assert False
 +  where False = <function RPlugin.should_chunk_node at 0x7c3523c3d6c0>(<tests.test_r_language.TestRContractCompliance.test_should_chunk_node.<locals>.MockNode object at 0x7c34e3a7d5e0>)
 +    where <function RPlugin.should_chunk_node at 0x7c3523c3d6c0> = <chunker.languages.r.RPlugin object at 0x7c34e3a7f650>.should_chunk_node
 +    and   <tests.test_r_language.TestRContractCompliance.test_should_chunk_node.<locals>.MockNode object at 0x7c34e3a7d5e0> = <class 'tests.test_r_language.TestRContractCompliance.test_should_chunk_node.<locals>.MockNode'>('assignment', has_function_child=True)
FAILED tests/test_r_language.py::TestREdgeCases::test_r_with_complex_assignments - assert 0 == 1
 +  where 0 = len([])
FAILED tests/test_r_language.py::TestREdgeCases::test_r_markdown_chunks - assert 0 >= 2
 +  where 0 = len([])
FAILED tests/test_r_language.py::TestREdgeCases::test_r_with_s4_classes - assert False
 +  where False = any(<generator object TestREdgeCases.test_r_with_s4_classes.<locals>.<genexpr> at 0x7c34e3a93510>)
FAILED tests/test_relationship_tracker.py::TestASTRelationshipTracker::test_infer_javascript_inheritance - assert 0 >= 1
 +  where 0 = len([])
FAILED tests/test_relationship_tracker.py::TestASTRelationshipTracker::test_infer_javascript_calls - assert False
FAILED tests/test_sql_language.py::TestSQLBasicChunking::test_simple_create_table - assert 0 >= 1
 +  where 0 = len([])
FAILED tests/test_sql_language.py::TestSQLBasicChunking::test_multiple_statements - AssertionError: assert 'create_table_statement' in set()
FAILED tests/test_sql_language.py::TestSQLBasicChunking::test_create_function - assert 0 >= 1
 +  where 0 = len([])
FAILED tests/test_sql_language.py::TestSQLBasicChunking::test_create_procedure - assert 0 >= 1
 +  where 0 = len([])
FAILED tests/test_sql_language.py::TestSQLBasicChunking::test_complex_select_with_cte - assert False
 +  where False = any(<generator object TestSQLBasicChunking.test_complex_select_with_cte.<locals>.<genexpr> at 0x7c34e3adc1e0>)
FAILED tests/test_sql_language.py::TestSQLEdgeCases::test_sql_with_transactions - assert 0 == 2
 +  where 0 = len([])
FAILED tests/test_sql_language.py::TestSQLEdgeCases::test_sql_with_views - assert 0 >= 2
 +  where 0 = len([])
FAILED tests/test_sql_language.py::TestSQLEdgeCases::test_sql_with_triggers - assert 0 >= 2
 +  where 0 = len([])
FAILED tests/test_structured_export_integration.py::TestStructuredExportIntegration::test_relationship_tracking_javascript - assert 0 >= 2
 +  where 0 = len([])
FAILED tests/test_token_integration.py::TestTokenAwareChunker::test_multiple_languages - assert 0 > 0
 +  where 0 = len([])
FAILED tests/test_typescript_language.py::TestTypeScriptLanguage::test_typescript_basic_chunking - AssertionError: assert 2 >= 4
 +  where 2 = len([CodeChunk(language='typescript', file_path='', node_type='method_definition', start_line=11, end_line=13, byte_start=132, byte_end=196, parent_context='', content='addUser(user: User): void {\n        this.users.push(user);\n    }', chunk_id='3559b135cb204f9378c0ccd5f122785b3a4a14cc', parent_chunk_id=None, references=[], dependencies=['User', 'user'], metadata={'signature': {'name': 'addUser', 'parameters': [{'name': 'user', 'type': 'User', 'default': None}], 'return_type': 'void', 'decorators': [], 'modifiers': []}, 'dependencies': ['User', 'user'], 'exports': ['addUser'], 'complexity': {'cyclomatic': 1, 'cognitive': 0, 'nesting_depth': 0, 'lines_of_code': 3, 'logical_lines': 3}, 'type': 'method_definition'}, node_id='3559b135cb204f9378c0ccd5f122785b3a4a14cc', file_id='d0998110d4f271571ea799f05b153504a56056c0', symbol_id='392a8a671e179cc2fa7f636a4c1b80b4ca6e5712', parent_route=['method_definition']), CodeChunk(language='typescript', file_path='', node_type='method_definition', start_line=15, end_line=17, byte_start=202, byte_end=297, parent_context='', content='getUser(id: number): User | undefined {\n        return this.users.find(u => u.id === id);\n    }', chunk_id='87f4a85d1ec38b24ea6089fbd0115665b8098555', parent_chunk_id=None, references=[], dependencies=['User', 'id', 'u'], metadata={'signature': {'name': 'getUser', 'parameters': [{'name': 'id', 'type': 'number', 'default': None}], 'return_type': 'User | undefined', 'decorators': [], 'modifiers': []}, 'dependencies': ['User', 'id', 'u'], 'exports': ['getUser'], 'complexity': {'cyclomatic': 1, 'cognitive': 0, 'nesting_depth': 1, 'lines_of_code': 3, 'logical_lines': 3}, 'type': 'method_definition'}, node_id='87f4a85d1ec38b24ea6089fbd0115665b8098555', file_id='d0998110d4f271571ea799f05b153504a56056c0', symbol_id='2c9920b8a7ddd939b2bda6fb13cfe7ccb781a1dc', parent_route=['method_definition'])])
FAILED tests/test_typescript_language.py::TestTypeScriptLanguage::test_tsx_component_chunking - assert 0 >= 2
 +  where 0 = len([])
FAILED tests/test_typescript_language.py::TestTypeScriptLanguage::test_typescript_generics - AssertionError: assert 2 >= 3
 +  where 2 = len([CodeChunk(language='typescript', file_path='', node_type='method_definition', start_line=15, end_line=17, byte_start=415, byte_end=527, parent_context='', content='get<K extends keyof T>(key: K): T[K] | undefined {\n        return this.items.get(key) as T[K] | undefined;\n    }', chunk_id='185d8af5d756cea641a9eb1d8f3e8ac8f3b73f42', parent_chunk_id=None, references=[], dependencies=['K', 'T', 'key'], metadata={'signature': {'name': 'get', 'parameters': [{'name': 'key', 'type': 'K', 'default': None}], 'return_type': 'T[K] | undefined', 'decorators': [], 'modifiers': []}, 'dependencies': ['K', 'T', 'key'], 'exports': ['get'], 'complexity': {'cyclomatic': 2, 'cognitive': 0, 'nesting_depth': 0, 'lines_of_code': 3, 'logical_lines': 3}, 'type': 'method_definition'}, node_id='185d8af5d756cea641a9eb1d8f3e8ac8f3b73f42', file_id='d0998110d4f271571ea799f05b153504a56056c0', symbol_id='7a2f52793c947e845ade0126281796ae7f5a1955', parent_route=['method_definition']), CodeChunk(language='typescript', file_path='', node_type='method_definition', start_line=19, end_line=21, byte_start=533, byte_end=626, parent_context='', content='set<K extends keyof T>(key: K, value: T[K]): void {\n        this.items.set(key, value);\n    }', chunk_id='3f9d1afab05af3a91a15669862b7714f08d6c2cb', parent_chunk_id=None, references=[], dependencies=['K', 'T', 'key', 'value'], metadata={'signature': {'name': 'set', 'parameters': [{'name': 'key', 'type': 'K', 'default': None}, {'name': 'value', 'type': 'T[K]', 'default': None}], 'return_type': 'void', 'decorators': [], 'modifiers': []}, 'dependencies': ['K', 'T', 'key', 'value'], 'exports': ['set'], 'complexity': {'cyclomatic': 1, 'cognitive': 0, 'nesting_depth': 0, 'lines_of_code': 3, 'logical_lines': 3}, 'type': 'method_definition'}, node_id='3f9d1afab05af3a91a15669862b7714f08d6c2cb', file_id='d0998110d4f271571ea799f05b153504a56056c0', symbol_id='36aa9b840464ef54c62bc58a1bba7fe33fc0ff3a', parent_route=['method_definition'])])
FAILED tests/test_typescript_language.py::TestTypeScriptLanguage::test_typescript_decorators - AssertionError: assert 2 >= 3
 +  where 2 = len([CodeChunk(language='typescript', file_path='', node_type='method_definition', start_line=15, end_line=17, byte_start=353, byte_end=407, parent_context='', content='constructor(t: string) {\n        this.title = t;\n    }', chunk_id='d5c2637d4e9ded69b265f524ef28ba4a426e5f6e', parent_chunk_id=None, references=[], dependencies=['t'], metadata={'signature': {'name': 'constructor', 'parameters': [{'name': 't', 'type': 'string', 'default': None}], 'return_type': None, 'decorators': [], 'modifiers': []}, 'dependencies': ['t'], 'exports': ['constructor'], 'complexity': {'cyclomatic': 1, 'cognitive': 0, 'nesting_depth': 0, 'lines_of_code': 3, 'logical_lines': 3}, 'type': 'method_definition'}, node_id='d5c2637d4e9ded69b265f524ef28ba4a426e5f6e', file_id='d0998110d4f271571ea799f05b153504a56056c0', symbol_id='b564284fb81b02bbdbe2933b4dbaea0ef54d02bc', parent_route=['method_definition']), CodeChunk(language='typescript', file_path='', node_type='method_definition', start_line=20, end_line=23, byte_start=422, byte_end=525, parent_context='', content='print() {\n        console.log(`type: ${this.type}`);\n        console.log(`title: ${this.title}`);\n    }', chunk_id='a6955230b803d61bdb2147efbd5386a44177625d', parent_chunk_id=None, references=[], dependencies=[], metadata={'signature': {'name': 'print', 'parameters': [], 'return_type': None, 'decorators': [], 'modifiers': []}, 'dependencies': [], 'exports': ['print'], 'complexity': {'cyclomatic': 1, 'cognitive': 0, 'nesting_depth': 0, 'lines_of_code': 4, 'logical_lines': 4}, 'type': 'method_definition'}, node_id='a6955230b803d61bdb2147efbd5386a44177625d', file_id='d0998110d4f271571ea799f05b153504a56056c0', symbol_id='503038a713722778ddafb4fcc90faa91b633c143', parent_route=['method_definition'])])
FAILED tests/test_typescript_language.py::TestTypeScriptLanguage::test_typescript_namespace - assert None is not None
FAILED tests/test_typescript_language.py::TestTypeScriptLanguage::test_typescript_enum_chunking - assert 0 >= 3
 +  where 0 = len([])
FAILED tests/test_typescript_language.py::TestTypeScriptLanguage::test_typescript_file_extensions[.ts] - assert None is not None
FAILED tests/test_typescript_language.py::TestTypeScriptLanguage::test_typescript_file_extensions[.tsx] - assert None is not None
FAILED tests/test_typescript_language.py::TestTypeScriptLanguage::test_typescript_file_extensions[.d.ts] - assert None is not None
FAILED tests/test_vfs.py::TestVFSChunker::test_auto_language_detection - assert 0 == 1
 +  where 0 = len([])
FAILED tests/unit/grammar/test_manager.py::TestTreeSitterGrammarManager::test_validate_grammar - AssertionError: Expected 'get_parser' to be called once. Called 0 times.
==== 60 failed, 2013 passed, 21 skipped, 807 warnings in 178.09s (0:02:58) =====
